2025-12-21 09:45:50,785 INFO: Logging started. Output file: rnn_training/20251221_094549/console_20251221_094549.log
2025-12-21 09:45:50,785 INFO: Seed: 42
2025-12-21 09:45:55,800 INFO: Iniitial conds shape: (46713, 110)
2025-12-21 09:45:55,801 INFO: Activity snippets shape: (46713, 30, 110)
2025-12-21 09:45:55,802 INFO: Stim snippets shape: (46713, 30, 10)
2025-12-21 09:45:55,802 INFO: Snippet overlap: True
2025-12-21 09:45:56,447 INFO: Overlapping trials but partitioning timepoints in temporal order
2025-12-21 09:45:56,447 INFO: Initial conds shape: (31081, 110)
2025-12-21 09:45:56,448 INFO: Stim shape: (31081, 30, 10)
2025-12-21 09:45:56,448 INFO: Batch size: 32
2025-12-21 09:45:56,576 INFO: Dataset sizes -> train: 31081, val: 7771, test: 7801
2025-12-21 09:45:56,577 INFO: Train input size: 10
2025-12-21 09:45:56,577 INFO: Train output size: 110
2025-12-21 09:45:56,578 INFO: Hidden state size: 1024
2025-12-21 09:45:56,752 INFO: Learning rate 0.0005
2025-12-21 09:45:56,755 INFO: Optimizer: Adam (
Parameter Group 0
    amsgrad: False
    betas: (0.9, 0.999)
    capturable: False
    decoupled_weight_decay: False
    differentiable: False
    eps: 1e-08
    foreach: None
    fused: None
    lr: 0.0005
    maximize: False
    weight_decay: 1e-05
)
2025-12-21 09:45:56,755 INFO: Loss type: mae
2025-12-21 09:45:56,756 INFO: Regularization coefficient: 1e-05
2025-12-21 09:46:42,918 INFO: Epoch 1 Train loss: 0.09066506660102337
2025-12-21 09:46:46,370 INFO: Epoch 1 Validation loss: 0.09775542949133743
2025-12-21 09:46:46,403 INFO:   Saved best model with val loss 0.097755 to rnn_training/20251221_094549/best_model.pth
2025-12-21 09:47:32,058 INFO: Epoch 2 Train loss: 0.09049919110750018
2025-12-21 09:47:35,057 INFO: Epoch 2 Validation loss: 0.09784001178810332
2025-12-21 09:48:21,294 INFO: Epoch 3 Train loss: 0.09065438428261018
2025-12-21 09:48:25,429 INFO: Epoch 3 Validation loss: 0.09773905406436502
2025-12-21 09:48:25,455 INFO:   Saved best model with val loss 0.097739 to rnn_training/20251221_094549/best_model.pth
2025-12-21 09:49:11,449 INFO: Epoch 4 Train loss: 0.090692050260492
2025-12-21 09:49:14,524 INFO: Epoch 4 Validation loss: 0.09774024650912812
2025-12-21 09:50:00,171 INFO: Epoch 5 Train loss: 0.09119835231207592
2025-12-21 09:50:03,322 INFO: Epoch 5 Validation loss: 0.09779463242919208
2025-12-21 09:50:48,909 INFO: Epoch 6 Train loss: 0.09132506535172037
2025-12-21 09:50:51,995 INFO: Epoch 6 Validation loss: 0.09783729250451617
2025-12-21 09:51:37,532 INFO: Epoch 7 Train loss: 0.09232868625742907
2025-12-21 09:51:40,619 INFO: Epoch 7 Validation loss: 0.09832464602060752
2025-12-21 09:52:26,155 INFO: Epoch 8 Train loss: 0.09263469721206363
2025-12-21 09:52:29,109 INFO: Epoch 8 Validation loss: 0.09834402175065311
2025-12-21 09:52:29,109 INFO: Early stopping due to no improvement in validation loss for 5 consecutive epochs.
2025-12-21 09:52:33,203 INFO: Test Loss: 0.098100
