2025-12-19 09:37:09,969 INFO: Logging started. Output file: rnn_training/20251219_093707/console_20251219_093707.log
2025-12-19 09:37:09,970 INFO: Seed: 42
2025-12-19 09:37:14,026 INFO: Iniitial conds shape: (15401, 110)
2025-12-19 09:37:14,034 INFO: Activity snippets shape: (15401, 200, 110)
2025-12-19 09:37:14,035 INFO: Stim snippets shape: (15401, 200, 10)
2025-12-19 09:37:14,035 INFO: Snippet overlap: True
2025-12-19 09:37:15,471 INFO: Overlapping trials but partitioning timepoints in temporal order
2025-12-19 09:37:15,695 INFO: Initial conds shape: (10057, 110)
2025-12-19 09:37:15,696 INFO: Stim shape: (10057, 200, 10)
2025-12-19 09:37:15,696 INFO: Batch size: 8
2025-12-19 09:37:16,138 INFO: Dataset sizes -> train: 10057, val: 2372, test: 2572
2025-12-19 09:37:16,139 INFO: Input size: 10
2025-12-19 09:37:16,139 INFO: Output size: 110
2025-12-19 09:37:16,140 INFO: Hidden state size: 256
2025-12-19 09:37:16,247 INFO: Learning rate 0.001
2025-12-19 09:37:16,248 INFO: Optimizer: Adam (
Parameter Group 0
    amsgrad: False
    betas: (0.9, 0.999)
    capturable: False
    decoupled_weight_decay: False
    differentiable: False
    eps: 1e-08
    foreach: None
    fused: None
    lr: 0.001
    maximize: False
    weight_decay: 0
)
2025-12-19 09:37:16,248 INFO: Loss type: mse
2025-12-19 09:37:16,249 INFO: Regularization coefficient: 0
2025-12-19 09:38:42,287 INFO:   Saved best model with val loss 0.026278 to rnn_training/20251219_093707/best_model.pth
2025-12-19 09:58:01,495 INFO: Early stopping due to no improvement in validation loss for 5 consecutive epochs.
2025-12-19 09:58:07,707 INFO: Test Loss: 0.015384
2025-12-19 10:33:18,968 INFO: Number of epochs 50
