2025-12-19 18:39:54,489 INFO: Logging started. Output file: rnn_training/20251219_183952/console_20251219_183952.log
2025-12-19 18:39:54,490 INFO: Seed: 42
2025-12-19 18:40:00,268 INFO: Iniitial conds shape: (46203, 110)
2025-12-19 18:40:00,270 INFO: Activity snippets shape: (46203, 200, 110)
2025-12-19 18:40:00,270 INFO: Stim snippets shape: (46203, 200, 10)
2025-12-19 18:40:00,271 INFO: Snippet overlap: True
2025-12-19 18:40:01,533 INFO: Overlapping trials but partitioning timepoints in temporal order
2025-12-19 18:40:01,534 INFO: Initial conds shape: (30571, 110)
2025-12-19 18:40:01,534 INFO: Stim shape: (30571, 200, 10)
2025-12-19 18:40:01,535 INFO: Batch size: 64
2025-12-19 18:40:08,658 INFO: Dataset sizes -> train: 30571, val: 7516, test: 7716
2025-12-19 18:40:08,661 INFO: Train input size: 10
2025-12-19 18:40:08,661 INFO: Train output size: 110
2025-12-19 18:40:08,662 INFO: Hidden state size: 256
2025-12-19 18:40:10,319 INFO: Learning rate 0.0005
2025-12-19 18:40:10,319 INFO: Optimizer: Adam (
Parameter Group 0
    amsgrad: False
    betas: (0.9, 0.999)
    capturable: False
    decoupled_weight_decay: False
    differentiable: False
    eps: 1e-08
    foreach: None
    fused: None
    lr: 0.0005
    maximize: False
    weight_decay: 0
)
2025-12-19 18:40:10,320 INFO: Loss type: mae
2025-12-19 18:40:10,320 INFO: Regularization coefficient: 0
2025-12-19 18:42:08,594 INFO: Number of epochs 50
2025-12-19 18:42:08,807 INFO: configs shape: (3, 110, 31)
2025-12-19 18:42:08,807 INFO: roi_used shape: (512, 512)
2025-12-19 18:42:08,808 INFO: times shape: (3, 8, 31)
2025-12-19 18:42:08,808 INFO: dfof shape: (3, 15600, 110)
