2025-12-19 18:44:49,683 INFO: Logging started. Output file: rnn_training/20251219_184448/console_20251219_184448.log
2025-12-19 18:44:49,683 INFO: Seed: 42
2025-12-19 18:44:55,452 INFO: Iniitial conds shape: (46503, 110)
2025-12-19 18:44:55,456 INFO: Activity snippets shape: (46503, 100, 110)
2025-12-19 18:44:55,457 INFO: Stim snippets shape: (46503, 100, 10)
2025-12-19 18:44:55,457 INFO: Snippet overlap: True
2025-12-19 18:44:56,728 INFO: Overlapping trials but partitioning timepoints in temporal order
2025-12-19 18:44:56,729 INFO: Initial conds shape: (30871, 110)
2025-12-19 18:44:56,729 INFO: Stim shape: (30871, 100, 10)
2025-12-19 18:44:56,730 INFO: Batch size: 64
2025-12-19 18:44:57,199 INFO: Dataset sizes -> train: 30871, val: 7666, test: 7766
2025-12-19 18:44:57,200 INFO: Train input size: 10
2025-12-19 18:44:57,201 INFO: Train output size: 110
2025-12-19 18:44:57,201 INFO: Hidden state size: 256
2025-12-19 18:44:57,214 INFO: Learning rate 0.0005
2025-12-19 18:44:57,215 INFO: Optimizer: Adam (
Parameter Group 0
    amsgrad: False
    betas: (0.9, 0.999)
    capturable: False
    decoupled_weight_decay: False
    differentiable: False
    eps: 1e-08
    foreach: None
    fused: None
    lr: 0.0005
    maximize: False
    weight_decay: 0
)
2025-12-19 18:44:57,215 INFO: Loss type: mae
2025-12-19 18:44:57,215 INFO: Regularization coefficient: 0
2025-12-19 18:45:57,381 INFO: Overlapping trials but partitioning timepoints in temporal order
2025-12-19 18:45:57,382 INFO: Initial conds shape: (30871, 110)
2025-12-19 18:45:57,382 INFO: Stim shape: (30871, 100, 10)
2025-12-19 18:45:57,383 INFO: Batch size: 64
2025-12-19 18:45:59,459 INFO: Dataset sizes -> train: 30871, val: 7666, test: 7766
2025-12-19 18:45:59,463 INFO: Train input size: 10
2025-12-19 18:45:59,465 INFO: Train output size: 110
2025-12-19 18:45:59,466 INFO: Hidden state size: 256
2025-12-19 18:45:59,477 INFO: Learning rate 0.0005
2025-12-19 18:45:59,478 INFO: Optimizer: Adam (
Parameter Group 0
    amsgrad: False
    betas: (0.9, 0.999)
    capturable: False
    decoupled_weight_decay: False
    differentiable: False
    eps: 1e-08
    foreach: None
    fused: None
    lr: 0.0005
    maximize: False
    weight_decay: 0
)
2025-12-19 18:45:59,478 INFO: Loss type: mae
2025-12-19 18:45:59,479 INFO: Regularization coefficient: 0
2025-12-19 18:48:12,491 INFO: Epoch 1 Train loss: 0.08358606755548137
2025-12-19 18:48:15,141 INFO: Epoch 1 Validation loss: 0.09001879184124148
2025-12-19 18:48:15,151 INFO:   Saved best model with val loss 0.090019 to rnn_training/20251219_184448/best_model.pth
2025-12-19 18:48:38,847 INFO: Epoch 2 Train loss: 0.08038407776330142
2025-12-19 18:48:41,331 INFO: Epoch 2 Validation loss: 0.08991477422527007
2025-12-19 18:48:41,335 INFO:   Saved best model with val loss 0.089915 to rnn_training/20251219_184448/best_model.pth
2025-12-19 18:49:05,114 INFO: Epoch 3 Train loss: 0.07882696110432405
2025-12-19 18:49:07,591 INFO: Epoch 3 Validation loss: 0.08817977403812237
2025-12-19 18:49:07,596 INFO:   Saved best model with val loss 0.088180 to rnn_training/20251219_184448/best_model.pth
2025-12-19 18:49:31,274 INFO: Epoch 4 Train loss: 0.0782653473032594
2025-12-19 18:49:33,894 INFO: Epoch 4 Validation loss: 0.087612619274144
2025-12-19 18:49:33,898 INFO:   Saved best model with val loss 0.087613 to rnn_training/20251219_184448/best_model.pth
2025-12-19 18:50:01,473 INFO: Epoch 5 Train loss: 0.0774906539296927
2025-12-19 18:50:04,676 INFO: Epoch 5 Validation loss: 0.08832563955153121
2025-12-19 18:50:34,851 INFO: Epoch 6 Train loss: 0.07704522279496791
2025-12-19 18:50:37,842 INFO: Epoch 6 Validation loss: 0.08696262079113432
2025-12-19 18:50:37,847 INFO:   Saved best model with val loss 0.086963 to rnn_training/20251219_184448/best_model.pth
2025-12-19 18:51:08,113 INFO: Epoch 7 Train loss: 0.07644881870196847
2025-12-19 18:51:11,119 INFO: Epoch 7 Validation loss: 0.08765544823013457
2025-12-19 18:51:38,759 INFO: Epoch 8 Train loss: 0.0757478037641813
2025-12-19 18:51:41,587 INFO: Epoch 8 Validation loss: 0.08635979067235836
2025-12-19 18:51:41,593 INFO:   Saved best model with val loss 0.086360 to rnn_training/20251219_184448/best_model.pth
2025-12-19 18:52:08,535 INFO: Epoch 9 Train loss: 0.07501083834769601
2025-12-19 18:52:11,265 INFO: Epoch 9 Validation loss: 0.08642787996367565
2025-12-19 18:52:38,214 INFO: Epoch 10 Train loss: 0.07440179427508567
2025-12-19 18:52:41,035 INFO: Epoch 10 Validation loss: 0.08688025841887427
2025-12-19 18:53:09,646 INFO: Epoch 11 Train loss: 0.07381426251693199
2025-12-19 18:53:12,430 INFO: Epoch 11 Validation loss: 0.08715739519865744
2025-12-19 18:53:40,545 INFO: Epoch 12 Train loss: 0.07343657535198328
2025-12-19 18:53:43,362 INFO: Epoch 12 Validation loss: 0.08697594044656688
2025-12-19 18:54:07,341 INFO: Epoch 13 Train loss: 0.07307221912056838
2025-12-19 18:54:09,845 INFO: Epoch 13 Validation loss: 0.08709278000441413
2025-12-19 18:54:33,464 INFO: Epoch 14 Train loss: 0.07279630476418028
2025-12-19 18:54:36,130 INFO: Epoch 14 Validation loss: 0.08831305996442693
2025-12-19 18:54:59,727 INFO: Epoch 15 Train loss: 0.07261334378229456
2025-12-19 18:55:02,372 INFO: Epoch 15 Validation loss: 0.08755303480599962
2025-12-19 18:55:25,910 INFO: Epoch 16 Train loss: 0.07245089638566628
2025-12-19 18:55:28,342 INFO: Epoch 16 Validation loss: 0.08791157291284156
2025-12-19 18:55:51,801 INFO: Epoch 17 Train loss: 0.07221429188090817
2025-12-19 18:55:54,278 INFO: Epoch 17 Validation loss: 0.08867374465293247
2025-12-19 18:56:18,417 INFO: Epoch 18 Train loss: 0.07199263717427838
2025-12-19 18:56:20,942 INFO: Epoch 18 Validation loss: 0.08847393528377298
2025-12-19 18:56:44,880 INFO: Epoch 19 Train loss: 0.07188611209912889
2025-12-19 18:56:47,426 INFO: Epoch 19 Validation loss: 0.08919451893456698
2025-12-19 18:57:11,305 INFO: Epoch 20 Train loss: 0.07179418085373153
2025-12-19 18:57:13,848 INFO: Epoch 20 Validation loss: 0.08815684448660369
2025-12-19 18:57:37,773 INFO: Epoch 21 Train loss: 0.07166321170663684
2025-12-19 18:57:40,366 INFO: Epoch 21 Validation loss: 0.08855774212398262
2025-12-19 18:58:04,545 INFO: Epoch 22 Train loss: 0.07149730836045526
2025-12-19 18:58:07,232 INFO: Epoch 22 Validation loss: 0.08908628196130682
2025-12-19 18:58:31,304 INFO: Epoch 23 Train loss: 0.0714491123065016
2025-12-19 18:58:33,876 INFO: Epoch 23 Validation loss: 0.0891642787034786
2025-12-19 18:58:57,908 INFO: Epoch 24 Train loss: 0.07139119660705477
2025-12-19 18:59:00,596 INFO: Epoch 24 Validation loss: 0.0884174964748597
2025-12-19 18:59:24,672 INFO: Epoch 25 Train loss: 0.07133547913539298
2025-12-19 18:59:27,305 INFO: Epoch 25 Validation loss: 0.08936846241871993
2025-12-19 18:59:51,260 INFO: Epoch 26 Train loss: 0.07128440531658588
2025-12-19 18:59:53,792 INFO: Epoch 26 Validation loss: 0.08921665624814279
2025-12-19 19:00:17,699 INFO: Epoch 27 Train loss: 0.07135179242018008
2025-12-19 19:00:20,222 INFO: Epoch 27 Validation loss: 0.08973821694215532
2025-12-19 19:00:44,176 INFO: Epoch 28 Train loss: 0.07127081312593707
2025-12-19 19:00:46,709 INFO: Epoch 28 Validation loss: 0.08955875930721133
2025-12-19 19:01:10,652 INFO: Epoch 29 Train loss: 0.07119073924943667
2025-12-19 19:01:13,198 INFO: Epoch 29 Validation loss: 0.0882450838080281
2025-12-19 19:01:37,081 INFO: Epoch 30 Train loss: 0.0710648361903976
2025-12-19 19:01:39,614 INFO: Epoch 30 Validation loss: 0.09001052517034726
2025-12-19 19:02:03,702 INFO: Epoch 31 Train loss: 0.07086799759674202
2025-12-19 19:02:06,355 INFO: Epoch 31 Validation loss: 0.08999225265350598
2025-12-19 19:02:30,320 INFO: Epoch 32 Train loss: 0.07090736022655596
2025-12-19 19:02:32,878 INFO: Epoch 32 Validation loss: 0.09000511023104424
2025-12-19 19:02:56,728 INFO: Epoch 33 Train loss: 0.07083828571452208
2025-12-19 19:02:59,323 INFO: Epoch 33 Validation loss: 0.09096031767206095
2025-12-19 19:03:23,417 INFO: Epoch 34 Train loss: 0.07074015246812404
2025-12-19 19:03:26,106 INFO: Epoch 34 Validation loss: 0.09043911283511641
2025-12-19 19:03:50,154 INFO: Epoch 35 Train loss: 0.07068173228248223
2025-12-19 19:03:52,923 INFO: Epoch 35 Validation loss: 0.08955906797273334
2025-12-19 19:04:17,024 INFO: Epoch 36 Train loss: 0.07061172252286994
2025-12-19 19:04:19,595 INFO: Epoch 36 Validation loss: 0.0895881437498006
2025-12-19 19:04:43,409 INFO: Epoch 37 Train loss: 0.07055017036472387
2025-12-19 19:04:45,955 INFO: Epoch 37 Validation loss: 0.08978401037200823
2025-12-19 19:05:09,987 INFO: Epoch 38 Train loss: 0.07043810173637924
2025-12-19 19:05:12,552 INFO: Epoch 38 Validation loss: 0.0898872740059399
2025-12-19 19:05:36,642 INFO: Epoch 39 Train loss: 0.07037026230451576
2025-12-19 19:05:39,343 INFO: Epoch 39 Validation loss: 0.09073027678780664
2025-12-19 19:06:03,454 INFO: Epoch 40 Train loss: 0.07023312366157235
2025-12-19 19:06:06,228 INFO: Epoch 40 Validation loss: 0.09032524026640706
2025-12-19 19:06:30,381 INFO: Epoch 41 Train loss: 0.07025448752988984
2025-12-19 19:06:32,950 INFO: Epoch 41 Validation loss: 0.08991665969256038
2025-12-19 19:06:57,034 INFO: Epoch 42 Train loss: 0.07019075611565513
2025-12-19 19:06:59,715 INFO: Epoch 42 Validation loss: 0.09037349921836574
2025-12-19 19:07:24,036 INFO: Epoch 43 Train loss: 0.07010338971507951
2025-12-19 19:07:26,807 INFO: Epoch 43 Validation loss: 0.0912070226749396
2025-12-19 19:07:50,892 INFO: Epoch 44 Train loss: 0.07003418087900401
2025-12-19 19:07:53,690 INFO: Epoch 44 Validation loss: 0.09027522099086518
2025-12-19 19:08:17,837 INFO: Epoch 45 Train loss: 0.0698593955974893
2025-12-19 19:08:20,543 INFO: Epoch 45 Validation loss: 0.09081467950729735
2025-12-19 19:08:44,726 INFO: Epoch 46 Train loss: 0.06991573070082696
2025-12-19 19:08:47,400 INFO: Epoch 46 Validation loss: 0.09141157971616827
2025-12-19 19:09:11,451 INFO: Epoch 47 Train loss: 0.0698095844345203
2025-12-19 19:09:14,105 INFO: Epoch 47 Validation loss: 0.09117029856685369
2025-12-19 19:09:38,230 INFO: Epoch 48 Train loss: 0.06975143026557046
2025-12-19 19:09:40,926 INFO: Epoch 48 Validation loss: 0.08984435980659908
2025-12-19 19:10:04,970 INFO: Epoch 49 Train loss: 0.06969031198602782
2025-12-19 19:10:07,619 INFO: Epoch 49 Validation loss: 0.09094988156042987
2025-12-19 19:10:31,427 INFO: Epoch 50 Train loss: 0.0697353311718825
2025-12-19 19:10:34,062 INFO: Epoch 50 Validation loss: 0.091433848076768
2025-12-19 19:49:35,507 INFO: Test Loss: 0.084602
2025-12-19 19:50:56,517 INFO: Number of epochs 50
2025-12-19 19:50:56,710 INFO: configs shape: (3, 110, 31)
2025-12-19 19:50:56,710 INFO: roi_used shape: (512, 512)
2025-12-19 19:50:56,710 INFO: times shape: (3, 8, 31)
2025-12-19 19:50:56,711 INFO: dfof shape: (3, 15600, 110)
