2025-12-19 20:04:59,968 INFO: Logging started. Output file: rnn_training/20251219_200459/console_20251219_200459.log
2025-12-19 20:04:59,968 INFO: Seed: 42
2025-12-19 20:05:05,655 INFO: Iniitial conds shape: (46503, 110)
2025-12-19 20:05:05,658 INFO: Activity snippets shape: (46503, 100, 110)
2025-12-19 20:05:05,658 INFO: Stim snippets shape: (46503, 100, 10)
2025-12-19 20:05:05,658 INFO: Snippet overlap: True
2025-12-19 20:05:06,648 INFO: Overlapping trials but partitioning timepoints in temporal order
2025-12-19 20:05:06,669 INFO: Initial conds shape: (30871, 110)
2025-12-19 20:05:06,690 INFO: Stim shape: (30871, 100, 10)
2025-12-19 20:05:06,750 INFO: Batch size: 32
2025-12-19 20:05:07,195 INFO: Dataset sizes -> train: 30871, val: 7666, test: 7766
2025-12-19 20:05:07,196 INFO: Train input size: 10
2025-12-19 20:05:07,196 INFO: Train output size: 110
2025-12-19 20:05:07,196 INFO: Hidden state size: 256
2025-12-19 20:05:07,201 INFO: Learning rate 0.0005
2025-12-19 20:05:07,201 INFO: Optimizer: Adam (
Parameter Group 0
    amsgrad: False
    betas: (0.9, 0.999)
    capturable: False
    decoupled_weight_decay: False
    differentiable: False
    eps: 1e-08
    foreach: None
    fused: None
    lr: 0.0005
    maximize: False
    weight_decay: 1e-05
)
2025-12-19 20:05:07,202 INFO: Loss type: mae
2025-12-19 20:05:07,202 INFO: Regularization coefficient: 1e-05
2025-12-19 20:05:44,601 INFO: Epoch 1 Train loss: 0.09063314755860302
2025-12-19 20:05:48,702 INFO: Epoch 1 Validation loss: 0.09710930655604705
2025-12-19 20:05:48,712 INFO:   Saved best model with val loss 0.097109 to rnn_training/20251219_200459/best_model.pth
2025-12-19 20:06:24,318 INFO: Epoch 2 Train loss: 0.09024708279319246
2025-12-19 20:06:27,897 INFO: Epoch 2 Validation loss: 0.09700683607169987
2025-12-19 20:06:27,901 INFO:   Saved best model with val loss 0.097007 to rnn_training/20251219_200459/best_model.pth
2025-12-19 20:07:02,522 INFO: Epoch 3 Train loss: 0.09036825540328658
2025-12-19 20:07:06,217 INFO: Epoch 3 Validation loss: 0.09702693666711726
2025-12-19 20:07:39,920 INFO: Epoch 4 Train loss: 0.09040128164386028
2025-12-19 20:07:43,709 INFO: Epoch 4 Validation loss: 0.09704811255061965
2025-12-19 20:08:18,368 INFO: Epoch 5 Train loss: 0.09080842783153473
2025-12-19 20:08:22,076 INFO: Epoch 5 Validation loss: 0.09715454857101523
2025-12-19 20:08:55,887 INFO: Epoch 6 Train loss: 0.09095190031655671
2025-12-19 20:08:59,573 INFO: Epoch 6 Validation loss: 0.09712525711975799
2025-12-19 20:09:51,617 INFO: Epoch 7 Train loss: 0.09191929299910127
2025-12-19 20:09:57,023 INFO: Epoch 7 Validation loss: 0.09769675137167527
2025-12-19 20:10:41,175 INFO: Epoch 8 Train loss: 0.09228800202762917
2025-12-19 20:10:45,183 INFO: Epoch 8 Validation loss: 0.09767632861494116
2025-12-19 20:11:23,056 INFO: Epoch 9 Train loss: 0.09325916640230489
2025-12-19 20:11:26,989 INFO: Epoch 9 Validation loss: 0.09856423172305714
2025-12-19 20:12:04,086 INFO: Epoch 10 Train loss: 0.09372641761372996
2025-12-19 20:12:08,081 INFO: Epoch 10 Validation loss: 0.09854492498476698
2025-12-19 20:12:44,561 INFO: Epoch 11 Train loss: 0.09431821286604945
2025-12-19 20:12:48,198 INFO: Epoch 11 Validation loss: 0.09916136991315246
2025-12-19 20:13:23,968 INFO: Epoch 12 Train loss: 0.09467921438998467
2025-12-19 20:13:27,645 INFO: Epoch 12 Validation loss: 0.09913477735842235
2025-12-19 20:14:03,482 INFO: Epoch 13 Train loss: 0.09497339484592841
2025-12-19 20:14:07,135 INFO: Epoch 13 Validation loss: 0.09950830731633249
2025-12-19 20:14:45,266 INFO: Epoch 14 Train loss: 0.0952099249028035
2025-12-19 20:14:49,387 INFO: Epoch 14 Validation loss: 0.09951746637551243
2025-12-19 20:15:31,964 INFO: Epoch 15 Train loss: 0.0952287394168356
2025-12-19 20:15:35,982 INFO: Epoch 15 Validation loss: 0.09950154834321731
2025-12-19 20:16:22,575 INFO: Epoch 16 Train loss: 0.09520931782106869
2025-12-19 20:16:28,932 INFO: Epoch 16 Validation loss: 0.09950744763634829
2025-12-19 20:17:21,518 INFO: Epoch 17 Train loss: 0.09521804382034271
2025-12-19 20:17:25,851 INFO: Epoch 17 Validation loss: 0.09951920203617712
2025-12-19 20:18:12,307 INFO: Epoch 18 Train loss: 0.09521057450674021
2025-12-19 20:18:16,605 INFO: Epoch 18 Validation loss: 0.09951286278946916
2025-12-19 20:18:58,434 INFO: Epoch 19 Train loss: 0.09522644537508126
2025-12-19 20:19:02,439 INFO: Epoch 19 Validation loss: 0.09951399260499662
2025-12-19 20:19:40,695 INFO: Epoch 20 Train loss: 0.0952109566430151
2025-12-19 20:19:44,828 INFO: Epoch 20 Validation loss: 0.09952194982701794
2025-12-19 20:20:23,038 INFO: Epoch 21 Train loss: 0.09523906446574616
2025-12-19 20:20:26,927 INFO: Epoch 21 Validation loss: 0.09968445041675403
2025-12-19 20:21:04,932 INFO: Epoch 22 Train loss: 0.09521005234028924
2025-12-19 20:21:08,897 INFO: Epoch 22 Validation loss: 0.09950679558905863
2025-12-19 20:21:47,346 INFO: Epoch 23 Train loss: 0.09520940130951723
2025-12-19 20:21:51,425 INFO: Epoch 23 Validation loss: 0.09951268642277747
2025-12-19 20:22:29,572 INFO: Epoch 24 Train loss: 0.0952340938417087
2025-12-19 20:22:33,522 INFO: Epoch 24 Validation loss: 0.09950171059209872
2025-12-19 20:23:11,689 INFO: Epoch 25 Train loss: 0.09521082677011074
2025-12-19 20:23:15,964 INFO: Epoch 25 Validation loss: 0.09950745621821976
2025-12-19 20:23:41,019 INFO: Test Loss: 0.098065
2025-12-19 20:24:34,896 INFO: Number of epochs 50
2025-12-19 20:24:35,150 INFO: configs shape: (3, 110, 31)
2025-12-19 20:24:35,150 INFO: roi_used shape: (512, 512)
2025-12-19 20:24:35,151 INFO: times shape: (3, 8, 31)
2025-12-19 20:24:35,151 INFO: dfof shape: (3, 15600, 110)
