2025-12-20 21:15:31,174 INFO: Logging started. Output file: rnn_training/20251220_211530/console_20251220_211530.log
2025-12-20 21:15:31,175 INFO: Seed: 42
2025-12-20 21:15:34,286 INFO: Iniitial conds shape: (46713, 110)
2025-12-20 21:15:34,288 INFO: Activity snippets shape: (46713, 30, 110)
2025-12-20 21:15:34,289 INFO: Stim snippets shape: (46713, 30, 10)
2025-12-20 21:15:34,289 INFO: Snippet overlap: True
2025-12-20 21:15:34,497 INFO: Overlapping trials but partitioning timepoints in temporal order
2025-12-20 21:15:34,498 INFO: Initial conds shape: (31081, 110)
2025-12-20 21:15:34,498 INFO: Stim shape: (31081, 30, 10)
2025-12-20 21:15:34,498 INFO: Batch size: 32
2025-12-20 21:15:34,653 INFO: Dataset sizes -> train: 31081, val: 7771, test: 7801
2025-12-20 21:15:34,653 INFO: Train input size: 10
2025-12-20 21:15:34,653 INFO: Train output size: 110
2025-12-20 21:15:34,654 INFO: Hidden state size: 1024
2025-12-20 21:15:35,613 INFO: Learning rate 0.0005
2025-12-20 21:15:35,613 INFO: Optimizer: Adam (
Parameter Group 0
    amsgrad: False
    betas: (0.9, 0.999)
    capturable: False
    decoupled_weight_decay: False
    differentiable: False
    eps: 1e-08
    foreach: None
    fused: None
    lr: 0.0005
    maximize: False
    weight_decay: 0
)
2025-12-20 21:15:35,614 INFO: Loss type: mae
2025-12-20 21:15:35,614 INFO: Regularization coefficient: 0
2025-12-20 21:16:21,134 INFO: Epoch 1 Train loss: 0.07078607505353575
2025-12-20 21:16:24,017 INFO: Epoch 1 Validation loss: 0.07568005370696437
2025-12-20 21:16:24,049 INFO:   Saved best model with val loss 0.075680 to rnn_training/20251220_211530/best_model.pth
2025-12-20 21:17:08,714 INFO: Epoch 2 Train loss: 0.0629079791318016
2025-12-20 21:17:11,528 INFO: Epoch 2 Validation loss: 0.07123699575842861
2025-12-20 21:17:11,545 INFO:   Saved best model with val loss 0.071237 to rnn_training/20251220_211530/best_model.pth
2025-12-20 21:17:56,219 INFO: Epoch 3 Train loss: 0.058997512190679696
2025-12-20 21:17:59,011 INFO: Epoch 3 Validation loss: 0.06923647185593648
2025-12-20 21:17:59,028 INFO:   Saved best model with val loss 0.069236 to rnn_training/20251220_211530/best_model.pth
2025-12-20 21:18:43,862 INFO: Epoch 4 Train loss: 0.05751149954729695
2025-12-20 21:18:46,673 INFO: Epoch 4 Validation loss: 0.06867127604097063
2025-12-20 21:18:46,690 INFO:   Saved best model with val loss 0.068671 to rnn_training/20251220_211530/best_model.pth
2025-12-20 21:19:31,443 INFO: Epoch 5 Train loss: 0.05603766930207914
2025-12-20 21:19:34,258 INFO: Epoch 5 Validation loss: 0.06695084566335055
2025-12-20 21:19:34,281 INFO:   Saved best model with val loss 0.066951 to rnn_training/20251220_211530/best_model.pth
2025-12-20 21:20:19,016 INFO: Epoch 6 Train loss: 0.05542323961343388
2025-12-20 21:20:21,855 INFO: Epoch 6 Validation loss: 0.0665740894870153
2025-12-20 21:20:21,875 INFO:   Saved best model with val loss 0.066574 to rnn_training/20251220_211530/best_model.pth
2025-12-20 21:21:06,919 INFO: Epoch 7 Train loss: 0.05470705975986563
2025-12-20 21:21:09,780 INFO: Epoch 7 Validation loss: 0.0666441166230057
2025-12-20 21:21:55,784 INFO: Epoch 8 Train loss: 0.054389715000892604
2025-12-20 21:21:58,543 INFO: Epoch 8 Validation loss: 0.06595184553135103
2025-12-20 21:21:58,559 INFO:   Saved best model with val loss 0.065952 to rnn_training/20251220_211530/best_model.pth
2025-12-20 21:22:43,425 INFO: Epoch 9 Train loss: 0.054003578958155114
2025-12-20 21:22:46,192 INFO: Epoch 9 Validation loss: 0.06607516823074498
2025-12-20 21:23:30,904 INFO: Epoch 10 Train loss: 0.05380916989238745
2025-12-20 21:23:33,679 INFO: Epoch 10 Validation loss: 0.06600365798099209
2025-12-20 21:24:17,179 INFO: Epoch 11 Train loss: 0.05359997461641899
2025-12-20 21:24:19,963 INFO: Epoch 11 Validation loss: 0.06623086775650068
2025-12-20 21:25:03,296 INFO: Epoch 12 Train loss: 0.05347241058256236
2025-12-20 21:25:06,087 INFO: Epoch 12 Validation loss: 0.06603093128236713
2025-12-20 21:25:49,870 INFO: Epoch 13 Train loss: 0.05335737030888086
2025-12-20 21:25:52,631 INFO: Epoch 13 Validation loss: 0.06585453945595453
2025-12-20 21:25:52,652 INFO:   Saved best model with val loss 0.065855 to rnn_training/20251220_211530/best_model.pth
2025-12-20 21:26:36,564 INFO: Epoch 14 Train loss: 0.053279200208803265
2025-12-20 21:26:39,354 INFO: Epoch 14 Validation loss: 0.06589533682908273
2025-12-20 21:27:22,311 INFO: Epoch 15 Train loss: 0.053348548358444665
2025-12-20 21:27:25,109 INFO: Epoch 15 Validation loss: 0.0658336285122526
2025-12-20 21:27:25,126 INFO:   Saved best model with val loss 0.065834 to rnn_training/20251220_211530/best_model.pth
2025-12-20 21:28:08,202 INFO: Epoch 16 Train loss: 0.053271277294093616
2025-12-20 21:28:10,988 INFO: Epoch 16 Validation loss: 0.06580479413734994
2025-12-20 21:28:11,006 INFO:   Saved best model with val loss 0.065805 to rnn_training/20251220_211530/best_model.pth
2025-12-20 21:28:54,789 INFO: Epoch 17 Train loss: 0.05311275458189938
2025-12-20 21:28:57,589 INFO: Epoch 17 Validation loss: 0.06586353924821019
2025-12-20 21:29:40,552 INFO: Epoch 18 Train loss: 0.05316737556684961
2025-12-20 21:29:43,346 INFO: Epoch 18 Validation loss: 0.06586617029836135
2025-12-20 21:30:29,336 INFO: Epoch 19 Train loss: 0.05311056632029708
2025-12-20 21:30:32,750 INFO: Epoch 19 Validation loss: 0.06606919831761582
2025-12-20 21:31:19,251 INFO: Epoch 20 Train loss: 0.05299994356155737
2025-12-20 21:31:22,116 INFO: Epoch 20 Validation loss: 0.06601370340964613
2025-12-20 21:32:06,864 INFO: Epoch 21 Train loss: 0.05300987693061796
2025-12-20 21:32:09,805 INFO: Epoch 21 Validation loss: 0.06598852347022179
2025-12-20 21:32:54,752 INFO: Epoch 22 Train loss: 0.052935043692474704
2025-12-20 21:32:57,728 INFO: Epoch 22 Validation loss: 0.06609009540425413
2025-12-20 21:33:42,968 INFO: Epoch 23 Train loss: 0.0528947023041339
2025-12-20 21:33:45,899 INFO: Epoch 23 Validation loss: 0.06633912100515499
2025-12-20 21:34:31,060 INFO: Epoch 24 Train loss: 0.05282471304127315
2025-12-20 21:34:33,925 INFO: Epoch 24 Validation loss: 0.06589492761426076
2025-12-20 21:35:19,289 INFO: Epoch 25 Train loss: 0.052716537205804014
2025-12-20 21:35:22,357 INFO: Epoch 25 Validation loss: 0.06618858030991824
2025-12-20 21:36:08,175 INFO: Epoch 26 Train loss: 0.052738012307358
2025-12-20 21:36:11,183 INFO: Epoch 26 Validation loss: 0.06605776914999056
2025-12-20 21:36:56,786 INFO: Epoch 27 Train loss: 0.05265058957344508
2025-12-20 21:36:59,813 INFO: Epoch 27 Validation loss: 0.06611817719669143
2025-12-20 21:37:45,507 INFO: Epoch 28 Train loss: 0.05260769335054982
2025-12-20 21:37:48,545 INFO: Epoch 28 Validation loss: 0.06628327791940643
2025-12-20 21:38:34,374 INFO: Epoch 29 Train loss: 0.052588656324507176
2025-12-20 21:38:37,459 INFO: Epoch 29 Validation loss: 0.06625184272284705
2025-12-20 21:39:23,117 INFO: Epoch 30 Train loss: 0.05250187950746164
2025-12-20 21:39:26,153 INFO: Epoch 30 Validation loss: 0.06620256850030214
2025-12-20 21:40:11,960 INFO: Epoch 31 Train loss: 0.05247774301721554
2025-12-20 21:40:15,034 INFO: Epoch 31 Validation loss: 0.06699758258784481
2025-12-20 21:41:01,067 INFO: Epoch 32 Train loss: 0.052403200662985434
2025-12-20 21:41:03,967 INFO: Epoch 32 Validation loss: 0.06640220861083798
2025-12-20 21:41:50,119 INFO: Epoch 33 Train loss: 0.05231907400374653
2025-12-20 21:41:53,034 INFO: Epoch 33 Validation loss: 0.06619557390511305
2025-12-20 21:42:39,501 INFO: Epoch 34 Train loss: 0.05234910549615069
2025-12-20 21:42:42,418 INFO: Epoch 34 Validation loss: 0.06650159746818815
2025-12-20 21:43:28,120 INFO: Epoch 35 Train loss: 0.05228782666557115
2025-12-20 21:43:31,040 INFO: Epoch 35 Validation loss: 0.06656297356112709
2025-12-20 21:44:16,933 INFO: Epoch 36 Train loss: 0.05223688063137757
2025-12-20 21:44:20,053 INFO: Epoch 36 Validation loss: 0.06685858138846149
2025-12-20 21:45:06,183 INFO: Epoch 37 Train loss: 0.05215169122667755
2025-12-20 21:45:09,112 INFO: Epoch 37 Validation loss: 0.06668934361989273
2025-12-20 21:45:55,120 INFO: Epoch 38 Train loss: 0.052141165506015705
2025-12-20 21:45:58,053 INFO: Epoch 38 Validation loss: 0.06662542051083792
2025-12-20 21:46:44,245 INFO: Epoch 39 Train loss: 0.052081023544957174
2025-12-20 21:46:47,182 INFO: Epoch 39 Validation loss: 0.06686815640369816
2025-12-20 21:47:33,380 INFO: Epoch 40 Train loss: 0.05191890968563631
2025-12-20 21:47:36,364 INFO: Epoch 40 Validation loss: 0.06689000081090206
2025-12-20 21:48:22,605 INFO: Epoch 41 Train loss: 0.05195194148209207
2025-12-20 21:48:25,554 INFO: Epoch 41 Validation loss: 0.06695394835318244
2025-12-20 21:49:11,793 INFO: Epoch 42 Train loss: 0.051966651947640004
2025-12-20 21:49:14,788 INFO: Epoch 42 Validation loss: 0.06670667716794425
2025-12-20 21:50:01,111 INFO: Epoch 43 Train loss: 0.051870879699642033
2025-12-20 21:50:04,064 INFO: Epoch 43 Validation loss: 0.06719778068272583
2025-12-20 21:50:50,209 INFO: Epoch 44 Train loss: 0.051871477357813306
2025-12-20 21:50:53,168 INFO: Epoch 44 Validation loss: 0.06723903196744824
2025-12-20 21:51:39,709 INFO: Epoch 45 Train loss: 0.05181113696203131
2025-12-20 21:51:42,704 INFO: Epoch 45 Validation loss: 0.0673786394835945
2025-12-20 21:52:28,843 INFO: Epoch 46 Train loss: 0.05175125738996892
2025-12-20 21:52:31,821 INFO: Epoch 46 Validation loss: 0.06745886398361174
2025-12-20 21:53:18,182 INFO: Epoch 47 Train loss: 0.051709348583787354
2025-12-20 21:53:21,185 INFO: Epoch 47 Validation loss: 0.06707616888486177
2025-12-20 21:54:07,551 INFO: Epoch 48 Train loss: 0.051635463338955724
2025-12-20 21:54:10,514 INFO: Epoch 48 Validation loss: 0.067180378542545
2025-12-20 21:54:56,864 INFO: Epoch 49 Train loss: 0.051620278491290326
2025-12-20 21:54:59,839 INFO: Epoch 49 Validation loss: 0.06777212381067614
2025-12-20 21:55:46,600 INFO: Epoch 50 Train loss: 0.051521428212744476
2025-12-20 21:55:49,793 INFO: Epoch 50 Validation loss: 0.06752550336572444
2025-12-20 21:56:36,171 INFO: Epoch 51 Train loss: 0.051533738523050494
2025-12-20 21:56:39,139 INFO: Epoch 51 Validation loss: 0.06711673343573554
2025-12-20 21:57:25,492 INFO: Epoch 52 Train loss: 0.05148007890678738
2025-12-20 21:57:28,515 INFO: Epoch 52 Validation loss: 0.06732222633926492
2025-12-20 21:58:15,088 INFO: Epoch 53 Train loss: 0.05142371307381665
2025-12-20 21:58:18,079 INFO: Epoch 53 Validation loss: 0.06796295506458548
2025-12-20 21:59:04,942 INFO: Epoch 54 Train loss: 0.05138162038229112
2025-12-20 21:59:07,958 INFO: Epoch 54 Validation loss: 0.06745591963036243
2025-12-20 21:59:54,315 INFO: Epoch 55 Train loss: 0.05126145641485726
2025-12-20 21:59:57,519 INFO: Epoch 55 Validation loss: 0.06772127086369784
2025-12-20 22:00:44,228 INFO: Epoch 56 Train loss: 0.05130315079924541
2025-12-20 22:00:47,246 INFO: Epoch 56 Validation loss: 0.06807857056548276
2025-12-20 22:01:33,875 INFO: Epoch 57 Train loss: 0.05123868537948385
2025-12-20 22:01:36,952 INFO: Epoch 57 Validation loss: 0.06794224493037763
2025-12-20 22:02:24,044 INFO: Epoch 58 Train loss: 0.051202451969591264
2025-12-20 22:02:27,328 INFO: Epoch 58 Validation loss: 0.06758102614601796
2025-12-20 22:03:13,698 INFO: Epoch 59 Train loss: 0.05114597140580568
2025-12-20 22:03:16,728 INFO: Epoch 59 Validation loss: 0.06810908649932186
2025-12-20 22:04:03,382 INFO: Epoch 60 Train loss: 0.05105514846875674
2025-12-20 22:04:06,413 INFO: Epoch 60 Validation loss: 0.06831055338848145
2025-12-20 22:04:53,149 INFO: Epoch 61 Train loss: 0.051053891455417416
2025-12-20 22:04:56,187 INFO: Epoch 61 Validation loss: 0.06866501753025879
2025-12-20 22:05:43,496 INFO: Epoch 62 Train loss: 0.05098737842980136
2025-12-20 22:05:46,710 INFO: Epoch 62 Validation loss: 0.0682484322969264
2025-12-20 22:06:33,409 INFO: Epoch 63 Train loss: 0.050956537948556896
2025-12-20 22:06:36,463 INFO: Epoch 63 Validation loss: 0.0680981259886523
2025-12-20 22:07:35,388 INFO: Epoch 64 Train loss: 0.050847252654253
2025-12-20 22:07:39,227 INFO: Epoch 64 Validation loss: 0.0682237175782358
2025-12-20 22:08:26,943 INFO: Epoch 65 Train loss: 0.050829578649257086
2025-12-20 22:08:30,004 INFO: Epoch 65 Validation loss: 0.06857791008206504
2025-12-20 22:09:15,843 INFO: Epoch 66 Train loss: 0.05083351552624016
2025-12-20 22:09:18,909 INFO: Epoch 66 Validation loss: 0.06844620623021432
2025-12-20 22:10:09,297 INFO: Epoch 67 Train loss: 0.05075024433860942
2025-12-20 22:10:14,448 INFO: Epoch 67 Validation loss: 0.06840470460943543
2025-12-20 22:11:08,471 INFO: Epoch 68 Train loss: 0.050728655762586665
2025-12-20 22:11:12,138 INFO: Epoch 68 Validation loss: 0.06935951889343603
2025-12-20 22:12:05,152 INFO: Epoch 69 Train loss: 0.0506702803327254
2025-12-20 22:12:09,243 INFO: Epoch 69 Validation loss: 0.06890681669022061
2025-12-20 22:13:00,310 INFO: Epoch 70 Train loss: 0.050642249847985134
2025-12-20 22:13:03,846 INFO: Epoch 70 Validation loss: 0.06955784897502977
2025-12-20 22:13:55,690 INFO: Epoch 71 Train loss: 0.05058051352452531
2025-12-20 22:13:59,183 INFO: Epoch 71 Validation loss: 0.0690188435395395
2025-12-20 22:14:50,752 INFO: Epoch 72 Train loss: 0.050537835643482173
2025-12-20 22:14:54,346 INFO: Epoch 72 Validation loss: 0.06928782366871021
2025-12-20 22:15:46,770 INFO: Epoch 73 Train loss: 0.0504847921455995
2025-12-20 22:15:49,967 INFO: Epoch 73 Validation loss: 0.06932117356141551
2025-12-20 22:16:35,704 INFO: Epoch 74 Train loss: 0.050439158744772276
2025-12-20 22:16:38,716 INFO: Epoch 74 Validation loss: 0.06968371346142282
2025-12-20 22:17:25,088 INFO: Epoch 75 Train loss: 0.05038079931420643
2025-12-20 22:17:28,221 INFO: Epoch 75 Validation loss: 0.06942440433159956
2025-12-20 22:18:15,706 INFO: Epoch 76 Train loss: 0.05033782352955717
2025-12-20 22:18:18,865 INFO: Epoch 76 Validation loss: 0.06984553468659216
2025-12-20 22:19:06,630 INFO: Epoch 77 Train loss: 0.05028926144551481
2025-12-20 22:19:09,738 INFO: Epoch 77 Validation loss: 0.06917928975243746
2025-12-20 22:19:57,369 INFO: Epoch 78 Train loss: 0.05023831421670174
2025-12-20 22:20:00,540 INFO: Epoch 78 Validation loss: 0.07008548390411254
2025-12-20 22:20:47,695 INFO: Epoch 79 Train loss: 0.05031158182096295
2025-12-20 22:20:50,995 INFO: Epoch 79 Validation loss: 0.06916288067273323
2025-12-20 22:21:37,575 INFO: Epoch 80 Train loss: 0.05038344556130324
2025-12-20 22:21:40,953 INFO: Epoch 80 Validation loss: 0.07027974342988458
2025-12-20 22:22:28,074 INFO: Epoch 81 Train loss: 0.05021098843604563
2025-12-20 22:22:31,220 INFO: Epoch 81 Validation loss: 0.06974185197556008
2025-12-20 22:23:18,091 INFO: Epoch 82 Train loss: 0.049957160637876225
2025-12-20 22:23:21,223 INFO: Epoch 82 Validation loss: 0.06973064773761693
2025-12-20 22:24:08,076 INFO: Epoch 83 Train loss: 0.04986916385328063
2025-12-20 22:24:11,264 INFO: Epoch 83 Validation loss: 0.07051703941809012
2025-12-20 22:24:58,614 INFO: Epoch 84 Train loss: 0.049804521418166076
2025-12-20 22:25:02,035 INFO: Epoch 84 Validation loss: 0.07038175340263927
2025-12-20 22:25:48,987 INFO: Epoch 85 Train loss: 0.049842202632210744
2025-12-20 22:25:52,213 INFO: Epoch 85 Validation loss: 0.0700534011288018
2025-12-20 22:26:39,572 INFO: Epoch 86 Train loss: 0.0497751460914026
2025-12-20 22:26:42,724 INFO: Epoch 86 Validation loss: 0.07018644358373612
2025-12-20 22:27:29,893 INFO: Epoch 87 Train loss: 0.049737450438487034
2025-12-20 22:27:33,195 INFO: Epoch 87 Validation loss: 0.07128078943609102
2025-12-20 22:28:20,270 INFO: Epoch 88 Train loss: 0.04967435148279815
2025-12-20 22:28:23,529 INFO: Epoch 88 Validation loss: 0.07075842665039792
2025-12-20 22:29:15,837 INFO: Epoch 89 Train loss: 0.049631705853604685
2025-12-20 22:29:20,020 INFO: Epoch 89 Validation loss: 0.07074096803211243
2025-12-20 22:30:16,454 INFO: Epoch 90 Train loss: 0.049572993827146715
2025-12-20 22:30:20,235 INFO: Epoch 90 Validation loss: 0.07111251504648117
2025-12-20 22:31:12,969 INFO: Epoch 91 Train loss: 0.04954305483654967
2025-12-20 22:31:16,811 INFO: Epoch 91 Validation loss: 0.07138257094610613
2025-12-20 22:32:10,280 INFO: Epoch 92 Train loss: 0.04949487131995694
2025-12-20 22:32:14,352 INFO: Epoch 92 Validation loss: 0.07112415649381296
2025-12-20 22:33:06,310 INFO: Epoch 93 Train loss: 0.049450332471649414
2025-12-20 22:33:10,065 INFO: Epoch 93 Validation loss: 0.07089629827426554
2025-12-20 22:34:02,063 INFO: Epoch 94 Train loss: 0.0493962036861103
2025-12-20 22:34:05,788 INFO: Epoch 94 Validation loss: 0.07261178306463434
2025-12-20 22:34:57,442 INFO: Epoch 95 Train loss: 0.04934932164794394
2025-12-20 22:35:00,698 INFO: Epoch 95 Validation loss: 0.07150797010821858
2025-12-20 22:35:47,008 INFO: Epoch 96 Train loss: 0.04945227721281917
2025-12-20 22:35:50,206 INFO: Epoch 96 Validation loss: 0.07290593693863393
2025-12-20 22:36:37,073 INFO: Epoch 97 Train loss: 0.04953318207198495
2025-12-20 22:36:40,266 INFO: Epoch 97 Validation loss: 0.07188710155476782
2025-12-20 22:37:27,263 INFO: Epoch 98 Train loss: 0.04932393809360797
2025-12-20 22:37:30,358 INFO: Epoch 98 Validation loss: 0.0714381749157724
2025-12-20 22:38:17,352 INFO: Epoch 99 Train loss: 0.04905748374465062
2025-12-20 22:38:20,628 INFO: Epoch 99 Validation loss: 0.07255655521745771
2025-12-20 22:39:08,565 INFO: Epoch 100 Train loss: 0.04899294880599321
2025-12-20 22:39:12,046 INFO: Epoch 100 Validation loss: 0.07268056551694656
2025-12-20 22:39:16,258 INFO: Test Loss: 0.063222
2025-12-21 09:45:49,360 INFO: Number of epochs 100
2025-12-21 09:45:49,558 INFO: configs shape: (3, 110, 31)
2025-12-21 09:45:49,558 INFO: roi_used shape: (512, 512)
2025-12-21 09:45:49,559 INFO: times shape: (3, 8, 31)
2025-12-21 09:45:49,559 INFO: dfof shape: (3, 15600, 110)
