2025-12-20 18:34:11,890 INFO: Logging started. Output file: rnn_training/20251220_183410/console_20251220_183410.log
2025-12-20 18:34:11,891 INFO: Seed: 42
2025-12-20 18:34:15,599 INFO: Iniitial conds shape: (46713, 110)
2025-12-20 18:34:15,600 INFO: Activity snippets shape: (46713, 30, 110)
2025-12-20 18:34:15,601 INFO: Stim snippets shape: (46713, 30, 10)
2025-12-20 18:34:15,601 INFO: Snippet overlap: True
2025-12-20 18:34:16,752 INFO: Overlapping trials but partitioning timepoints in temporal order
2025-12-20 18:34:16,752 INFO: Initial conds shape: (31081, 110)
2025-12-20 18:34:16,753 INFO: Stim shape: (31081, 30, 10)
2025-12-20 18:34:16,753 INFO: Batch size: 32
2025-12-20 18:34:16,914 INFO: Dataset sizes -> train: 31081, val: 7771, test: 7801
2025-12-20 18:34:16,914 INFO: Train input size: 10
2025-12-20 18:34:16,915 INFO: Train output size: 110
2025-12-20 18:34:16,915 INFO: Hidden state size: 1024
2025-12-20 18:34:16,984 INFO: Learning rate 0.0005
2025-12-20 18:34:16,985 INFO: Optimizer: Adam (
Parameter Group 0
    amsgrad: False
    betas: (0.9, 0.999)
    capturable: False
    decoupled_weight_decay: False
    differentiable: False
    eps: 1e-08
    foreach: None
    fused: None
    lr: 0.0005
    maximize: False
    weight_decay: 0
)
2025-12-20 18:34:16,985 INFO: Loss type: mae
2025-12-20 18:34:16,985 INFO: Regularization coefficient: 0
2025-12-20 18:35:00,598 INFO: Epoch 1 Train loss: 0.07076469755696076
2025-12-20 18:35:03,363 INFO: Epoch 1 Validation loss: 0.07560393056316797
2025-12-20 18:35:03,405 INFO:   Saved best model with val loss 0.075604 to rnn_training/20251220_183410/best_model.pth
2025-12-20 18:35:46,255 INFO: Epoch 2 Train loss: 0.06287113919692117
2025-12-20 18:35:48,903 INFO: Epoch 2 Validation loss: 0.07143900310470858
2025-12-20 18:35:48,944 INFO:   Saved best model with val loss 0.071439 to rnn_training/20251220_183410/best_model.pth
2025-12-20 18:36:31,887 INFO: Epoch 3 Train loss: 0.058892845468882266
2025-12-20 18:36:34,573 INFO: Epoch 3 Validation loss: 0.06896521316644937
2025-12-20 18:36:34,611 INFO:   Saved best model with val loss 0.068965 to rnn_training/20251220_183410/best_model.pth
2025-12-20 18:37:17,331 INFO: Epoch 4 Train loss: 0.0573897913106965
2025-12-20 18:37:20,006 INFO: Epoch 4 Validation loss: 0.0682435195656713
2025-12-20 18:37:20,042 INFO:   Saved best model with val loss 0.068244 to rnn_training/20251220_183410/best_model.pth
2025-12-20 18:38:02,731 INFO: Epoch 5 Train loss: 0.05595078482724829
2025-12-20 18:38:05,370 INFO: Epoch 5 Validation loss: 0.06719581275438191
2025-12-20 18:38:05,432 INFO:   Saved best model with val loss 0.067196 to rnn_training/20251220_183410/best_model.pth
2025-12-20 18:38:48,480 INFO: Epoch 6 Train loss: 0.05535496748287009
2025-12-20 18:38:51,143 INFO: Epoch 6 Validation loss: 0.06709921352537485
2025-12-20 18:38:51,201 INFO:   Saved best model with val loss 0.067099 to rnn_training/20251220_183410/best_model.pth
2025-12-20 18:39:34,095 INFO: Epoch 7 Train loss: 0.05462930812191934
2025-12-20 18:39:36,760 INFO: Epoch 7 Validation loss: 0.0664921921135345
2025-12-20 18:39:36,794 INFO:   Saved best model with val loss 0.066492 to rnn_training/20251220_183410/best_model.pth
2025-12-20 18:40:19,725 INFO: Epoch 8 Train loss: 0.05431121687163089
2025-12-20 18:40:22,372 INFO: Epoch 8 Validation loss: 0.06617128740880591
2025-12-20 18:40:22,412 INFO:   Saved best model with val loss 0.066171 to rnn_training/20251220_183410/best_model.pth
2025-12-20 18:41:05,675 INFO: Epoch 9 Train loss: 0.053938073277835896
2025-12-20 18:41:08,373 INFO: Epoch 9 Validation loss: 0.06604989005506552
2025-12-20 18:41:08,431 INFO:   Saved best model with val loss 0.066050 to rnn_training/20251220_183410/best_model.pth
2025-12-20 18:41:51,308 INFO: Epoch 10 Train loss: 0.053750193395368503
2025-12-20 18:41:53,975 INFO: Epoch 10 Validation loss: 0.06624338283642059
2025-12-20 18:42:36,532 INFO: Epoch 11 Train loss: 0.05353142196541894
2025-12-20 18:42:39,177 INFO: Epoch 11 Validation loss: 0.06602850219654524
2025-12-20 18:42:39,222 INFO:   Saved best model with val loss 0.066029 to rnn_training/20251220_183410/best_model.pth
2025-12-20 18:43:21,844 INFO: Epoch 12 Train loss: 0.0534130682016519
2025-12-20 18:43:24,529 INFO: Epoch 12 Validation loss: 0.06611093970500062
2025-12-20 18:44:07,220 INFO: Epoch 13 Train loss: 0.05332172878254607
2025-12-20 18:44:09,883 INFO: Epoch 13 Validation loss: 0.06631178497643012
2025-12-20 18:44:51,887 INFO: Epoch 14 Train loss: 0.053301324021222334
2025-12-20 18:44:54,576 INFO: Epoch 14 Validation loss: 0.06608472089999248
2025-12-20 18:45:37,525 INFO: Epoch 15 Train loss: 0.05322440148743744
2025-12-20 18:45:40,250 INFO: Epoch 15 Validation loss: 0.06611966215943664
2025-12-20 18:46:23,124 INFO: Epoch 16 Train loss: 0.05318476996028854
2025-12-20 18:46:25,822 INFO: Epoch 16 Validation loss: 0.06599615687335908
2025-12-20 18:46:25,858 INFO:   Saved best model with val loss 0.065996 to rnn_training/20251220_183410/best_model.pth
2025-12-20 18:47:08,752 INFO: Epoch 17 Train loss: 0.0531217092585523
2025-12-20 18:47:11,439 INFO: Epoch 17 Validation loss: 0.06604211465274025
2025-12-20 18:47:54,258 INFO: Epoch 18 Train loss: 0.05304934766380519
2025-12-20 18:47:56,915 INFO: Epoch 18 Validation loss: 0.06613168889027951
2025-12-20 18:48:39,602 INFO: Epoch 19 Train loss: 0.052996107693865264
2025-12-20 18:48:42,276 INFO: Epoch 19 Validation loss: 0.06647113418313715
2025-12-20 18:49:24,896 INFO: Epoch 20 Train loss: 0.05288857432696385
2025-12-20 18:49:27,575 INFO: Epoch 20 Validation loss: 0.06617203367874745
2025-12-20 18:50:10,463 INFO: Epoch 21 Train loss: 0.05289596984359673
2025-12-20 18:50:13,182 INFO: Epoch 21 Validation loss: 0.06614637223584452
2025-12-20 18:50:55,883 INFO: Epoch 22 Train loss: 0.052802302800522845
2025-12-20 18:50:58,554 INFO: Epoch 22 Validation loss: 0.06604373570866696
2025-12-20 18:51:41,612 INFO: Epoch 23 Train loss: 0.05277215080724494
2025-12-20 18:51:44,294 INFO: Epoch 23 Validation loss: 0.06621276045256701
2025-12-20 18:52:37,753 INFO: Epoch 24 Train loss: 0.052736481494470695
2025-12-20 18:52:40,934 INFO: Epoch 24 Validation loss: 0.06612076445274978
2025-12-20 18:53:26,644 INFO: Epoch 25 Train loss: 0.05266749323141214
2025-12-20 18:53:29,596 INFO: Epoch 25 Validation loss: 0.06661842457481278
2025-12-20 18:54:14,919 INFO: Epoch 26 Train loss: 0.05261381096016781
2025-12-20 18:54:17,742 INFO: Epoch 26 Validation loss: 0.06661106382831385
2025-12-20 18:55:03,150 INFO: Epoch 27 Train loss: 0.052513014214744226
2025-12-20 18:55:06,021 INFO: Epoch 27 Validation loss: 0.06646052719872977
2025-12-20 18:55:52,041 INFO: Epoch 28 Train loss: 0.05252042248768871
2025-12-20 18:55:55,072 INFO: Epoch 28 Validation loss: 0.06624278416007416
2025-12-20 18:56:40,996 INFO: Epoch 29 Train loss: 0.052439194466631166
2025-12-20 18:56:43,995 INFO: Epoch 29 Validation loss: 0.06617366103473402
2025-12-20 18:57:30,182 INFO: Epoch 30 Train loss: 0.05241590617336341
2025-12-20 18:57:33,106 INFO: Epoch 30 Validation loss: 0.06675524807428089
2025-12-20 18:58:20,843 INFO: Epoch 31 Train loss: 0.052363073710221655
2025-12-20 18:58:24,058 INFO: Epoch 31 Validation loss: 0.06654841401063556
2025-12-20 18:59:10,301 INFO: Epoch 32 Train loss: 0.05231036558590997
2025-12-20 18:59:13,281 INFO: Epoch 32 Validation loss: 0.06644924818364951
2025-12-20 19:00:01,487 INFO: Epoch 33 Train loss: 0.052252019522569304
2025-12-20 19:00:04,680 INFO: Epoch 33 Validation loss: 0.06654798615498059
2025-12-20 19:00:50,850 INFO: Epoch 34 Train loss: 0.05218014112569694
2025-12-20 19:00:53,827 INFO: Epoch 34 Validation loss: 0.06648828439666657
2025-12-20 19:01:43,276 INFO: Epoch 35 Train loss: 0.052165703401954734
2025-12-20 19:01:46,568 INFO: Epoch 35 Validation loss: 0.06693551512973187
2025-12-20 19:02:34,011 INFO: Epoch 36 Train loss: 0.05209628495506302
2025-12-20 19:02:37,184 INFO: Epoch 36 Validation loss: 0.06655877454295273
2025-12-20 19:03:23,960 INFO: Epoch 37 Train loss: 0.052058777604838805
2025-12-20 19:03:27,093 INFO: Epoch 37 Validation loss: 0.0668441484307264
2025-12-20 19:04:14,630 INFO: Epoch 38 Train loss: 0.052002269976755076
2025-12-20 19:04:17,813 INFO: Epoch 38 Validation loss: 0.06697574123719104
2025-12-20 19:05:05,467 INFO: Epoch 39 Train loss: 0.051957582712886856
2025-12-20 19:05:08,536 INFO: Epoch 39 Validation loss: 0.0665411488757663
2025-12-20 19:05:57,461 INFO: Epoch 40 Train loss: 0.05190690178881376
2025-12-20 19:06:00,830 INFO: Epoch 40 Validation loss: 0.06688318341604195
2025-12-20 19:06:48,384 INFO: Epoch 41 Train loss: 0.05185883093369651
2025-12-20 19:06:51,562 INFO: Epoch 41 Validation loss: 0.06663521014421453
2025-12-20 19:07:39,668 INFO: Epoch 42 Train loss: 0.05181689193613518
2025-12-20 19:07:42,989 INFO: Epoch 42 Validation loss: 0.06683054547016262
2025-12-20 19:08:31,343 INFO: Epoch 43 Train loss: 0.051750158313548546
2025-12-20 19:08:34,415 INFO: Epoch 43 Validation loss: 0.06702071306919012
2025-12-20 19:09:22,738 INFO: Epoch 44 Train loss: 0.05172960625325639
2025-12-20 19:09:25,841 INFO: Epoch 44 Validation loss: 0.06707283359185377
2025-12-20 19:10:14,710 INFO: Epoch 45 Train loss: 0.0516650987606432
2025-12-20 19:10:18,072 INFO: Epoch 45 Validation loss: 0.06738320907107836
2025-12-20 19:11:06,984 INFO: Epoch 46 Train loss: 0.05162331419165256
2025-12-20 19:11:10,310 INFO: Epoch 46 Validation loss: 0.067107312045699
2025-12-20 19:11:57,775 INFO: Epoch 47 Train loss: 0.051569101187057396
2025-12-20 19:12:01,078 INFO: Epoch 47 Validation loss: 0.06765024424205184
2025-12-20 19:12:49,606 INFO: Epoch 48 Train loss: 0.051527541354914656
2025-12-20 19:12:52,763 INFO: Epoch 48 Validation loss: 0.06746921355913633
2025-12-20 19:13:43,647 INFO: Epoch 49 Train loss: 0.0514759916797439
2025-12-20 19:13:46,812 INFO: Epoch 49 Validation loss: 0.067746866435453
2025-12-20 19:14:36,490 INFO: Epoch 50 Train loss: 0.05143466093251882
2025-12-20 19:14:39,663 INFO: Epoch 50 Validation loss: 0.06765748136749354
2025-12-20 19:15:28,849 INFO: Epoch 51 Train loss: 0.05135054278915378
2025-12-20 19:15:32,271 INFO: Epoch 51 Validation loss: 0.06788779616311792
2025-12-20 19:16:20,693 INFO: Epoch 52 Train loss: 0.051333444844490886
2025-12-20 19:16:23,903 INFO: Epoch 52 Validation loss: 0.06780629630893634
2025-12-20 19:17:14,114 INFO: Epoch 53 Train loss: 0.051280967226846275
2025-12-20 19:17:17,490 INFO: Epoch 53 Validation loss: 0.06750357996376612
2025-12-20 19:18:07,746 INFO: Epoch 54 Train loss: 0.05124106954322109
2025-12-20 19:18:11,115 INFO: Epoch 54 Validation loss: 0.06811722941057147
2025-12-20 19:18:59,356 INFO: Epoch 55 Train loss: 0.05117929493128968
2025-12-20 19:19:02,653 INFO: Epoch 55 Validation loss: 0.06869024103798625
2025-12-20 19:19:53,498 INFO: Epoch 56 Train loss: 0.05109098720427228
2025-12-20 19:19:56,638 INFO: Epoch 56 Validation loss: 0.06827316877771691
2025-12-20 19:20:45,940 INFO: Epoch 57 Train loss: 0.05110380840036964
2025-12-20 19:20:49,420 INFO: Epoch 57 Validation loss: 0.06836441644288724
2025-12-20 19:21:38,385 INFO: Epoch 58 Train loss: 0.05104058639359944
2025-12-20 19:21:41,646 INFO: Epoch 58 Validation loss: 0.06849957667382248
2025-12-20 19:22:30,567 INFO: Epoch 59 Train loss: 0.05100321890075236
2025-12-20 19:22:34,093 INFO: Epoch 59 Validation loss: 0.06876858831767393
2025-12-20 19:23:23,312 INFO: Epoch 60 Train loss: 0.05094937779581542
2025-12-20 19:23:26,783 INFO: Epoch 60 Validation loss: 0.06840067089712308
2025-12-20 19:24:17,471 INFO: Epoch 61 Train loss: 0.050910717578572635
2025-12-20 19:24:21,016 INFO: Epoch 61 Validation loss: 0.0685078087820692
2025-12-20 19:25:09,757 INFO: Epoch 62 Train loss: 0.050853695311360615
2025-12-20 19:25:13,004 INFO: Epoch 62 Validation loss: 0.06873460818600308
2025-12-20 19:26:03,506 INFO: Epoch 63 Train loss: 0.050807685806274816
2025-12-20 19:26:07,234 INFO: Epoch 63 Validation loss: 0.06916016470552212
2025-12-20 19:26:56,232 INFO: Epoch 64 Train loss: 0.05075824431940064
2025-12-20 19:26:59,570 INFO: Epoch 64 Validation loss: 0.06876270333598623
2025-12-20 19:27:48,936 INFO: Epoch 65 Train loss: 0.0506987109115582
2025-12-20 19:27:52,266 INFO: Epoch 65 Validation loss: 0.06908236635558133
2025-12-20 19:28:42,938 INFO: Epoch 66 Train loss: 0.05066673201487096
2025-12-20 19:28:46,543 INFO: Epoch 66 Validation loss: 0.06867647880316548
2025-12-20 19:29:36,425 INFO: Epoch 67 Train loss: 0.05061471736207995
2025-12-20 19:29:39,761 INFO: Epoch 67 Validation loss: 0.06958007799844272
2025-12-20 19:30:28,596 INFO: Epoch 68 Train loss: 0.05057315162084365
2025-12-20 19:30:31,930 INFO: Epoch 68 Validation loss: 0.06923617350002036
2025-12-20 19:31:23,739 INFO: Epoch 69 Train loss: 0.050503350404538815
2025-12-20 19:31:27,451 INFO: Epoch 69 Validation loss: 0.06875127955088053
2025-12-20 19:32:17,353 INFO: Epoch 70 Train loss: 0.05065102904070406
2025-12-20 19:32:20,919 INFO: Epoch 70 Validation loss: 0.06910664745930185
2025-12-20 19:33:11,357 INFO: Epoch 71 Train loss: 0.0506550195459983
2025-12-20 19:33:14,908 INFO: Epoch 71 Validation loss: 0.0690633484346114
2025-12-20 19:34:07,995 INFO: Epoch 72 Train loss: 0.05042948663097594
2025-12-20 19:34:12,208 INFO: Epoch 72 Validation loss: 0.06979743467305652
2025-12-20 19:35:10,262 INFO: Epoch 73 Train loss: 0.05023982077175377
2025-12-20 19:35:14,322 INFO: Epoch 73 Validation loss: 0.06982600456241506
2025-12-20 19:36:12,312 INFO: Epoch 74 Train loss: 0.05018196081331114
2025-12-20 19:36:16,568 INFO: Epoch 74 Validation loss: 0.06958160557551758
2025-12-20 19:37:14,531 INFO: Epoch 75 Train loss: 0.0501550330838967
2025-12-20 19:37:18,730 INFO: Epoch 75 Validation loss: 0.06988834388570395
2025-12-20 19:38:17,311 INFO: Epoch 76 Train loss: 0.05010428134622727
2025-12-20 19:38:21,362 INFO: Epoch 76 Validation loss: 0.06951865612148947
2025-12-20 19:39:19,326 INFO: Epoch 77 Train loss: 0.05004275430519203
2025-12-20 19:39:23,480 INFO: Epoch 77 Validation loss: 0.07027247968426911
2025-12-20 19:40:21,207 INFO: Epoch 78 Train loss: 0.050003126191104696
2025-12-20 19:40:25,438 INFO: Epoch 78 Validation loss: 0.06990930697484116
2025-12-20 19:41:22,776 INFO: Epoch 79 Train loss: 0.04995518156125437
2025-12-20 19:41:27,020 INFO: Epoch 79 Validation loss: 0.07023477009549715
2025-12-20 19:42:24,951 INFO: Epoch 80 Train loss: 0.04989818320105479
2025-12-20 19:42:29,337 INFO: Epoch 80 Validation loss: 0.07086514573812239
2025-12-20 19:43:27,310 INFO: Epoch 81 Train loss: 0.0498549882537694
2025-12-20 19:43:31,621 INFO: Epoch 81 Validation loss: 0.07098040045297156
2025-12-20 19:44:28,959 INFO: Epoch 82 Train loss: 0.04980566401507671
2025-12-20 19:44:33,321 INFO: Epoch 82 Validation loss: 0.07025851147747181
2025-12-20 19:45:30,690 INFO: Epoch 83 Train loss: 0.04981782653871422
2025-12-20 19:45:34,931 INFO: Epoch 83 Validation loss: 0.07089682285419963
2025-12-20 19:46:32,528 INFO: Epoch 84 Train loss: 0.04998391226884738
2025-12-20 19:46:36,900 INFO: Epoch 84 Validation loss: 0.07136279939857325
2025-12-20 19:47:34,294 INFO: Epoch 85 Train loss: 0.049849773925949005
2025-12-20 19:47:38,587 INFO: Epoch 85 Validation loss: 0.0713061109480519
2025-12-20 19:49:35,088 INFO: Epoch 86 Train loss: 0.04957133584739212
2025-12-20 19:49:45,905 INFO: Epoch 86 Validation loss: 0.07107636897417588
2025-12-20 19:52:32,750 INFO: Epoch 87 Train loss: 0.049765109733604776
2025-12-20 19:52:43,777 INFO: Epoch 87 Validation loss: 0.07197117722068203
2025-12-20 19:55:59,128 INFO: Epoch 88 Train loss: 0.04965908470930984
2025-12-20 19:56:17,352 INFO: Epoch 88 Validation loss: 0.07101975972358515
