2026-01-03 20:02:30,508 INFO: Logging started. Output file: rnn_training/20260103_200228/console_20260103_200228.log
2026-01-03 20:02:30,508 INFO: Seed: 42
2026-01-03 20:02:34,203 INFO: Iniitial conds fshape: (46713, 110)
2026-01-03 20:02:34,203 INFO: Activity snippets shape: (46713, 30, 110)
2026-01-03 20:02:34,204 INFO: Stim snippets shape: (46713, 30, 10)
2026-01-03 20:02:34,205 INFO: Snippet overlap: True
2026-01-03 20:02:35,633 INFO: Overlapping trials but partitioning timepoints in temporal order
2026-01-03 20:02:35,633 INFO: Initial conds shape: (31081, 110)
2026-01-03 20:02:35,634 INFO: Stim shape: (31081, 30, 10)
2026-01-03 20:02:35,634 INFO: Batch size: 8
2026-01-03 20:02:36,035 INFO: Dataset sizes -> train: 31081, val: 7771, test: 7801
2026-01-03 20:02:36,036 INFO: Train input size: 10
2026-01-03 20:02:36,037 INFO: Train output size: 110
2026-01-03 20:02:36,037 INFO: Hidden state size: 128
2026-01-03 20:02:36,037 INFO: Number of GRU layers: 1
2026-01-03 20:02:36,045 INFO: Model architecture:\nRNNModel(
  (initial_state_projection): Linear(in_features=110, out_features=128, bias=True)
  (rnn): GRU(10, 128, batch_first=True)
  (dense): Sequential(
    (0): Linear(in_features=128, out_features=256, bias=True)
    (1): GELU(approximate='none')
    (2): Linear(in_features=256, out_features=110, bias=True)
  )
)
2026-01-03 20:02:36,046 INFO: Learning rate 0.0005
2026-01-03 20:02:36,046 INFO: Optimizer: Adam (
Parameter Group 0
    amsgrad: False
    betas: (0.9, 0.999)
    capturable: False
    decoupled_weight_decay: False
    differentiable: False
    eps: 1e-08
    foreach: None
    fused: None
    lr: 0.0005
    maximize: False
    weight_decay: 0
)
2026-01-03 20:02:36,047 INFO: Loss type: mae
2026-01-03 20:02:36,047 INFO: Regularization coefficient: 0
2026-01-03 20:03:54,564 INFO: Epoch 1 Train loss: 0.07309901639210269
2026-01-03 20:04:00,103 INFO: Epoch 1 Validation loss: 0.07883501190631305
2026-01-03 20:04:00,107 INFO:   Saved best model with val loss 0.078835 to rnn_training/20260103_200228/best_model.pth
2026-01-03 20:05:05,201 INFO: Epoch 2 Train loss: 0.06647903415456591
2026-01-03 20:05:10,421 INFO: Epoch 2 Validation loss: 0.07757121268547175
2026-01-03 20:05:10,425 INFO:   Saved best model with val loss 0.077571 to rnn_training/20260103_200228/best_model.pth
2026-01-03 20:06:13,156 INFO: Epoch 3 Train loss: 0.064510362911312
2026-01-03 20:06:18,588 INFO: Epoch 3 Validation loss: 0.07700850005381327
2026-01-03 20:06:18,594 INFO:   Saved best model with val loss 0.077009 to rnn_training/20260103_200228/best_model.pth
2026-01-03 20:07:24,995 INFO: Epoch 4 Train loss: 0.06381106641892549
2026-01-03 20:07:31,152 INFO: Epoch 4 Validation loss: 0.07682688455161495
2026-01-03 20:07:31,156 INFO:   Saved best model with val loss 0.076827 to rnn_training/20260103_200228/best_model.pth
2026-01-03 20:08:36,917 INFO: Epoch 5 Train loss: 0.06324908824224683
2026-01-03 20:08:42,479 INFO: Epoch 5 Validation loss: 0.07607991552969584
2026-01-03 20:08:42,483 INFO:   Saved best model with val loss 0.076080 to rnn_training/20260103_200228/best_model.pth
2026-01-03 20:09:49,136 INFO: Epoch 6 Train loss: 0.06270357971301234
2026-01-03 20:09:54,919 INFO: Epoch 6 Validation loss: 0.07596755097856885
2026-01-03 20:09:54,923 INFO:   Saved best model with val loss 0.075968 to rnn_training/20260103_200228/best_model.pth
2026-01-03 20:11:00,178 INFO: Epoch 7 Train loss: 0.06219905462573978
2026-01-03 20:11:05,713 INFO: Epoch 7 Validation loss: 0.07584611746971402
2026-01-03 20:11:05,719 INFO:   Saved best model with val loss 0.075846 to rnn_training/20260103_200228/best_model.pth
2026-01-03 20:12:10,771 INFO: Epoch 8 Train loss: 0.06173760802827092
2026-01-03 20:12:16,274 INFO: Epoch 8 Validation loss: 0.07528591614008993
2026-01-03 20:12:16,278 INFO:   Saved best model with val loss 0.075286 to rnn_training/20260103_200228/best_model.pth
2026-01-03 20:13:21,088 INFO: Epoch 9 Train loss: 0.06126865019333155
2026-01-03 20:13:26,509 INFO: Epoch 9 Validation loss: 0.07528147012428678
2026-01-03 20:13:26,513 INFO:   Saved best model with val loss 0.075281 to rnn_training/20260103_200228/best_model.pth
2026-01-03 20:14:31,453 INFO: Epoch 10 Train loss: 0.06081506083694412
2026-01-03 20:14:36,941 INFO: Epoch 10 Validation loss: 0.07475645715240621
2026-01-03 20:14:36,945 INFO:   Saved best model with val loss 0.074756 to rnn_training/20260103_200228/best_model.pth
2026-01-03 20:15:42,226 INFO: Epoch 11 Train loss: 0.060396383161262855
2026-01-03 20:15:47,997 INFO: Epoch 11 Validation loss: 0.07429495660736514
2026-01-03 20:15:48,001 INFO:   Saved best model with val loss 0.074295 to rnn_training/20260103_200228/best_model.pth
2026-01-03 20:16:54,165 INFO: Epoch 12 Train loss: 0.0600005219451416
2026-01-03 20:16:59,901 INFO: Epoch 12 Validation loss: 0.07433240724172145
2026-01-03 20:18:05,381 INFO: Epoch 13 Train loss: 0.059671923746629205
2026-01-03 20:18:11,010 INFO: Epoch 13 Validation loss: 0.07388790445997899
2026-01-03 20:18:11,014 INFO:   Saved best model with val loss 0.073888 to rnn_training/20260103_200228/best_model.pth
2026-01-03 20:19:15,819 INFO: Epoch 14 Train loss: 0.05933612174052483
2026-01-03 20:19:21,466 INFO: Epoch 14 Validation loss: 0.07365865296508152
2026-01-03 20:19:21,470 INFO:   Saved best model with val loss 0.073659 to rnn_training/20260103_200228/best_model.pth
2026-01-03 20:20:26,281 INFO: Epoch 15 Train loss: 0.05901234808432247
2026-01-03 20:20:31,935 INFO: Epoch 15 Validation loss: 0.073437680015845
2026-01-03 20:20:31,939 INFO:   Saved best model with val loss 0.073438 to rnn_training/20260103_200228/best_model.pth
2026-01-03 20:21:36,905 INFO: Epoch 16 Train loss: 0.058738190686495426
2026-01-03 20:21:42,612 INFO: Epoch 16 Validation loss: 0.07324374824754674
2026-01-03 20:21:42,623 INFO:   Saved best model with val loss 0.073244 to rnn_training/20260103_200228/best_model.pth
2026-01-03 20:22:47,657 INFO: Epoch 17 Train loss: 0.05844168216186633
2026-01-03 20:22:53,244 INFO: Epoch 17 Validation loss: 0.07296909066570295
2026-01-03 20:22:53,250 INFO:   Saved best model with val loss 0.072969 to rnn_training/20260103_200228/best_model.pth
2026-01-03 20:23:59,159 INFO: Epoch 18 Train loss: 0.05814392050644122
2026-01-03 20:24:04,774 INFO: Epoch 18 Validation loss: 0.07274307649457505
2026-01-03 20:24:04,779 INFO:   Saved best model with val loss 0.072743 to rnn_training/20260103_200228/best_model.pth
2026-01-03 20:25:09,550 INFO: Epoch 19 Train loss: 0.05791192239367407
2026-01-03 20:25:15,290 INFO: Epoch 19 Validation loss: 0.07269839685409782
2026-01-03 20:25:15,295 INFO:   Saved best model with val loss 0.072698 to rnn_training/20260103_200228/best_model.pth
2026-01-03 20:26:20,354 INFO: Epoch 20 Train loss: 0.05772366760060872
2026-01-03 20:26:25,979 INFO: Epoch 20 Validation loss: 0.072241437870814
2026-01-03 20:26:25,983 INFO:   Saved best model with val loss 0.072241 to rnn_training/20260103_200228/best_model.pth
2026-01-03 20:26:46,484 INFO: Test Loss: 0.068999
2026-01-04 19:53:14,277 INFO: Number of epochs 20
2026-01-04 19:53:14,472 INFO: configs shape: (3, 110, 31)
2026-01-04 19:53:14,473 INFO: roi_used shape: (512, 512)
2026-01-04 19:53:14,473 INFO: times shape: (3, 8, 31)
2026-01-04 19:53:14,474 INFO: dfof shape: (3, 15600, 110)
2026-01-04 21:40:52,851 INFO: Number of epochs 20
2026-01-04 21:40:53,044 INFO: configs shape: (3, 110, 31)
2026-01-04 21:40:53,044 INFO: roi_used shape: (512, 512)
2026-01-04 21:40:53,045 INFO: times shape: (3, 8, 31)
2026-01-04 21:40:53,045 INFO: dfof shape: (3, 15600, 110)
2026-01-04 21:48:00,378 INFO: Iniitial conds fshape: (46713, 110)
2026-01-04 21:48:00,380 INFO: Activity snippets shape: (46713, 30, 110)
2026-01-04 21:48:00,380 INFO: Stim snippets shape: (46713, 30, 10)
2026-01-04 21:48:00,381 INFO: Snippet overlap: True
2026-01-04 21:48:02,191 INFO: Random split: train=520, val=112, test=112
2026-01-04 21:48:07,640 INFO: Batch size: 8
2026-01-04 21:48:07,640 INFO: Split strategy: random
2026-01-04 21:48:27,520 INFO: Batch size: 8
2026-01-04 21:48:27,520 INFO: Split strategy: random
2026-01-04 21:48:27,557 INFO: Dataset sizes -> train: 520, val: 112, test: 112
2026-01-04 21:48:27,559 INFO: Train input size: 10
2026-01-04 21:48:27,559 INFO: Train output size: 110
2026-01-04 21:48:27,560 INFO: Hidden state size: 128
2026-01-04 21:48:27,560 INFO: Number of GRU layers: 1
2026-01-04 21:48:27,568 INFO: Model architecture:\nRNNModel(
  (initial_state_projection): Linear(in_features=110, out_features=128, bias=True)
  (rnn): GRU(10, 128, batch_first=True)
  (dense): Sequential(
    (0): Linear(in_features=128, out_features=256, bias=True)
    (1): GELU(approximate='none')
    (2): Linear(in_features=256, out_features=110, bias=True)
  )
)
2026-01-04 21:48:27,570 INFO: Learning rate 0.0005
2026-01-04 21:48:27,570 INFO: Optimizer: Adam (
Parameter Group 0
    amsgrad: False
    betas: (0.9, 0.999)
    capturable: False
    decoupled_weight_decay: False
    differentiable: False
    eps: 1e-08
    foreach: None
    fused: None
    lr: 0.0005
    maximize: False
    weight_decay: 0
)
2026-01-04 21:48:27,570 INFO: Loss type: mae
2026-01-04 21:48:27,570 INFO: Regularization coefficient: 0
2026-01-04 21:57:08,132 INFO: Random split: train=32699, val=7007, test=7007
2026-01-04 21:57:15,991 INFO: Random split: train=32699, val=7007, test=7007
2026-01-04 21:57:21,843 INFO: Batch size: 8
2026-01-04 21:57:21,844 INFO: Split strategy: random
2026-01-04 21:57:22,589 INFO: Dataset sizes -> train: 32699, val: 7007, test: 7007
2026-01-04 21:57:22,590 INFO: Train input size: 10
2026-01-04 21:57:22,590 INFO: Train output size: 110
2026-01-04 21:57:22,591 INFO: Hidden state size: 128
2026-01-04 21:57:22,591 INFO: Number of GRU layers: 1
2026-01-04 21:57:22,599 INFO: Model architecture:\nRNNModel(
  (initial_state_projection): Linear(in_features=110, out_features=128, bias=True)
  (rnn): GRU(10, 128, batch_first=True)
  (dense): Sequential(
    (0): Linear(in_features=128, out_features=256, bias=True)
    (1): GELU(approximate='none')
    (2): Linear(in_features=256, out_features=110, bias=True)
  )
)
2026-01-04 21:57:22,600 INFO: Learning rate 0.0005
2026-01-04 21:57:22,601 INFO: Optimizer: Adam (
Parameter Group 0
    amsgrad: False
    betas: (0.9, 0.999)
    capturable: False
    decoupled_weight_decay: False
    differentiable: False
    eps: 1e-08
    foreach: None
    fused: None
    lr: 0.0005
    maximize: False
    weight_decay: 0
)
2026-01-04 21:57:22,601 INFO: Loss type: mae
2026-01-04 21:57:22,602 INFO: Regularization coefficient: 0
2026-01-04 21:57:46,556 INFO: Random split: train=32699, val=7007, test=7007
2026-01-04 21:59:27,219 INFO: Trial holdout [1, 8]: train=37411, val=6602, test=2700
2026-01-04 22:02:06,096 INFO: Trial holdout [1, 8]: train=37411, val=6602, test=2700
2026-01-04 22:02:17,384 INFO: Batch size: 8
2026-01-04 22:02:17,386 INFO: Split strategy: trial
2026-01-04 22:02:18,171 INFO: Dataset sizes -> train: 37411, val: 6602, test: 2700
2026-01-04 22:02:18,172 INFO: Train input size: 10
2026-01-04 22:02:18,172 INFO: Train output size: 110
2026-01-04 22:02:18,173 INFO: Hidden state size: 128
2026-01-04 22:02:18,173 INFO: Number of GRU layers: 1
2026-01-04 22:02:18,181 INFO: Model architecture:\nRNNModel(
  (initial_state_projection): Linear(in_features=110, out_features=128, bias=True)
  (rnn): GRU(10, 128, batch_first=True)
  (dense): Sequential(
    (0): Linear(in_features=128, out_features=256, bias=True)
    (1): GELU(approximate='none')
    (2): Linear(in_features=256, out_features=110, bias=True)
  )
)
2026-01-04 22:02:18,182 INFO: Learning rate 0.0005
2026-01-04 22:02:18,183 INFO: Optimizer: Adam (
Parameter Group 0
    amsgrad: False
    betas: (0.9, 0.999)
    capturable: False
    decoupled_weight_decay: False
    differentiable: False
    eps: 1e-08
    foreach: None
    fused: None
    lr: 0.0005
    maximize: False
    weight_decay: 0
)
2026-01-04 22:02:18,183 INFO: Loss type: mae
2026-01-04 22:02:18,183 INFO: Regularization coefficient: 0
2026-01-04 22:03:56,702 INFO: Epoch 1 Train loss: 0.07436380331708442
2026-01-04 22:04:02,381 INFO: Epoch 1 Validation loss: 0.07016450907923315
2026-01-04 22:04:02,386 INFO:   Saved best model with val loss 0.070165 to rnn_training/20260104_214052/best_model.pth
2026-01-04 22:05:28,031 INFO: Epoch 2 Train loss: 0.06849995715478056
2026-01-04 22:05:32,647 INFO: Epoch 2 Validation loss: 0.06716276233763595
2026-01-04 22:05:32,652 INFO:   Saved best model with val loss 0.067163 to rnn_training/20260104_214052/best_model.pth
2026-01-04 22:06:57,307 INFO: Epoch 3 Train loss: 0.06674625466768076
2026-01-04 22:07:01,961 INFO: Epoch 3 Validation loss: 0.06621738486228947
2026-01-04 22:07:01,966 INFO:   Saved best model with val loss 0.066217 to rnn_training/20260104_214052/best_model.pth
2026-01-04 22:08:25,395 INFO: Epoch 4 Train loss: 0.06594582311728406
2026-01-04 22:08:30,011 INFO: Epoch 4 Validation loss: 0.06542340310567511
2026-01-04 22:08:30,015 INFO:   Saved best model with val loss 0.065423 to rnn_training/20260104_214052/best_model.pth
2026-01-04 22:09:56,724 INFO: Epoch 5 Train loss: 0.0652277876713416
2026-01-04 22:10:01,441 INFO: Epoch 5 Validation loss: 0.06478156750444498
2026-01-04 22:10:01,446 INFO:   Saved best model with val loss 0.064782 to rnn_training/20260104_214052/best_model.pth
2026-01-04 22:11:25,034 INFO: Epoch 6 Train loss: 0.06461068727172643
2026-01-04 22:11:29,614 INFO: Epoch 6 Validation loss: 0.06441910929303031
2026-01-04 22:11:29,620 INFO:   Saved best model with val loss 0.064419 to rnn_training/20260104_214052/best_model.pth
2026-01-04 22:12:54,027 INFO: Epoch 7 Train loss: 0.06400488423988793
2026-01-04 22:12:58,755 INFO: Epoch 7 Validation loss: 0.06364414545937908
2026-01-04 22:12:58,760 INFO:   Saved best model with val loss 0.063644 to rnn_training/20260104_214052/best_model.pth
2026-01-04 22:14:23,010 INFO: Epoch 8 Train loss: 0.06341166724436571
2026-01-04 22:14:27,707 INFO: Epoch 8 Validation loss: 0.06301167884136792
2026-01-04 22:14:27,712 INFO:   Saved best model with val loss 0.063012 to rnn_training/20260104_214052/best_model.pth
2026-01-04 22:15:51,363 INFO: Epoch 9 Train loss: 0.0629324685349132
2026-01-04 22:15:56,020 INFO: Epoch 9 Validation loss: 0.0625438992113498
2026-01-04 22:15:56,025 INFO:   Saved best model with val loss 0.062544 to rnn_training/20260104_214052/best_model.pth
2026-01-04 22:17:19,685 INFO: Epoch 10 Train loss: 0.062411367177854914
2026-01-04 22:17:24,383 INFO: Epoch 10 Validation loss: 0.06203249583494226
2026-01-04 22:17:24,388 INFO:   Saved best model with val loss 0.062032 to rnn_training/20260104_214052/best_model.pth
2026-01-04 22:18:48,069 INFO: Epoch 11 Train loss: 0.06200648730584446
2026-01-04 22:18:52,876 INFO: Epoch 11 Validation loss: 0.061755562667791065
2026-01-04 22:18:52,881 INFO:   Saved best model with val loss 0.061756 to rnn_training/20260104_214052/best_model.pth
2026-01-04 22:20:20,489 INFO: Epoch 12 Train loss: 0.06162161269083506
2026-01-04 22:20:25,275 INFO: Epoch 12 Validation loss: 0.06137516742735261
2026-01-04 22:20:25,281 INFO:   Saved best model with val loss 0.061375 to rnn_training/20260104_214052/best_model.pth
2026-01-04 22:21:50,011 INFO: Epoch 13 Train loss: 0.061300565808304855
2026-01-04 22:21:54,904 INFO: Epoch 13 Validation loss: 0.06100339262716086
2026-01-04 22:21:54,909 INFO:   Saved best model with val loss 0.061003 to rnn_training/20260104_214052/best_model.pth
2026-01-04 22:23:18,187 INFO: Epoch 14 Train loss: 0.06099499295498285
2026-01-04 22:23:22,956 INFO: Epoch 14 Validation loss: 0.060721744517735085
2026-01-04 22:23:22,961 INFO:   Saved best model with val loss 0.060722 to rnn_training/20260104_214052/best_model.pth
2026-01-04 22:24:45,747 INFO: Epoch 15 Train loss: 0.06062887211800663
2026-01-04 22:24:50,496 INFO: Epoch 15 Validation loss: 0.0604259921850056
2026-01-04 22:24:50,500 INFO:   Saved best model with val loss 0.060426 to rnn_training/20260104_214052/best_model.pth
2026-01-04 22:26:13,422 INFO: Epoch 16 Train loss: 0.06041016607687189
2026-01-04 22:26:18,216 INFO: Epoch 16 Validation loss: 0.060137794493852474
2026-01-04 22:26:18,221 INFO:   Saved best model with val loss 0.060138 to rnn_training/20260104_214052/best_model.pth
2026-01-04 22:27:41,232 INFO: Epoch 17 Train loss: 0.06011425489294147
2026-01-04 22:27:46,033 INFO: Epoch 17 Validation loss: 0.0599674786700873
2026-01-04 22:27:46,038 INFO:   Saved best model with val loss 0.059967 to rnn_training/20260104_214052/best_model.pth
2026-01-04 22:29:08,863 INFO: Epoch 18 Train loss: 0.05993141966392527
2026-01-04 22:29:13,584 INFO: Epoch 18 Validation loss: 0.059825716456141625
2026-01-04 22:29:13,588 INFO:   Saved best model with val loss 0.059826 to rnn_training/20260104_214052/best_model.pth
2026-01-04 22:30:35,558 INFO: Epoch 19 Train loss: 0.05975483198751775
2026-01-04 22:30:40,122 INFO: Epoch 19 Validation loss: 0.05962169067908763
2026-01-04 22:30:40,127 INFO:   Saved best model with val loss 0.059622 to rnn_training/20260104_214052/best_model.pth
2026-01-04 22:32:07,861 INFO: Epoch 20 Train loss: 0.0595818364329602
2026-01-04 22:32:12,580 INFO: Epoch 20 Validation loss: 0.05943207347060796
2026-01-04 22:32:12,585 INFO:   Saved best model with val loss 0.059432 to rnn_training/20260104_214052/best_model.pth
2026-01-04 22:33:17,892 INFO: Test Loss: 0.062061
2026-01-04 22:37:43,066 INFO: Config 1 has 3 matching test snippets, neurons: [7, 22, 26, 78]
2026-01-04 22:37:43,351 INFO: Config 2 has 3 matching test snippets, neurons: [7, 22, 26, 78]
2026-01-04 22:37:43,625 INFO: Config 3 has 3 matching test snippets, neurons: [7, 22, 26, 78]
2026-01-04 22:37:43,882 INFO: Config 4 has 3 matching test snippets, neurons: [19, 47]
2026-01-04 22:37:44,020 INFO: Config 5 has 3 matching test snippets, neurons: [19, 47]
2026-01-04 22:37:44,158 INFO: Config 6 has 3 matching test snippets, neurons: [19, 47]
2026-01-04 22:37:44,306 INFO: Config 7 has 3 matching test snippets, neurons: [7, 16, 26, 27, 31, 37, 59, 78]
2026-01-04 22:37:44,819 INFO: Config 8 has 3 matching test snippets, neurons: [7, 16, 26, 27, 31, 37, 59, 78]
2026-01-04 22:37:45,328 INFO: Config 9 has 3 matching test snippets, neurons: [7, 16, 26, 27, 31, 37, 59, 78]
2026-01-04 22:37:46,985 INFO: Config 10 has 3 matching test snippets, neurons: [26]
2026-01-04 22:37:47,055 INFO: Config 11 has 3 matching test snippets, neurons: [26]
2026-01-04 22:37:47,126 INFO: Config 12 has 3 matching test snippets, neurons: [26]
2026-01-04 22:37:47,203 INFO: Config 13 has 3 matching test snippets, neurons: [22, 23, 45, 63]
2026-01-04 22:37:47,530 INFO: Config 14 has 3 matching test snippets, neurons: [22, 23, 45, 63]
2026-01-04 22:37:47,798 INFO: Config 15 has 3 matching test snippets, neurons: [22, 23, 45, 63]
2026-01-04 22:37:48,051 INFO: Config 16 has 3 matching test snippets, neurons: [50, 63]
2026-01-04 22:37:48,191 INFO: Config 17 has 3 matching test snippets, neurons: [50, 63]
2026-01-04 22:37:48,327 INFO: Config 18 has 3 matching test snippets, neurons: [50, 63]
2026-01-04 22:37:48,477 INFO: Config 19 has 3 matching test snippets, neurons: [4, 19, 33, 44, 46]
2026-01-04 22:37:48,801 INFO: Config 20 has 3 matching test snippets, neurons: [4, 19, 33, 44, 46]
2026-01-04 22:37:49,132 INFO: Config 21 has 3 matching test snippets, neurons: [4, 19, 33, 44, 46]
2026-01-04 22:37:49,487 INFO: Config 22 has 3 matching test snippets, neurons: [7, 21, 32, 37, 81]
2026-01-04 22:37:49,822 INFO: Config 23 has 3 matching test snippets, neurons: [7, 21, 32, 37, 81]
2026-01-04 22:37:50,157 INFO: Config 24 has 3 matching test snippets, neurons: [7, 21, 32, 37, 81]
2026-01-04 22:37:50,468 INFO: Config 25 has 3 matching test snippets, neurons: [31, 44, 78]
2026-01-04 22:37:50,672 INFO: Config 26 has 3 matching test snippets, neurons: [31, 44, 78]
2026-01-04 22:37:51,044 INFO: Config 27 has 3 matching test snippets, neurons: [31, 44, 78]
2026-01-04 22:37:51,253 INFO: Config 28 has 3 matching test snippets, neurons: [26, 27, 31, 100]
2026-01-04 22:37:51,522 INFO: Config 29 has 3 matching test snippets, neurons: [26, 27, 31, 100]
2026-01-04 22:37:51,788 INFO: Config 30 has 3 matching test snippets, neurons: [26, 27, 31, 100]
2026-01-04 22:37:52,040 INFO: Config 31 has 0 matching test snippets, neurons: [1, 2, 3]
2026-01-04 22:37:52,040 INFO: No matching snippets for config 31, skipping.
2026-01-04 22:44:12,777 INFO: Config 1 has 3 matching test snippets, neurons: [7, 22, 26, 78]
2026-01-04 22:44:13,082 INFO: Config 2 has 3 matching test snippets, neurons: [7, 22, 26, 78]
2026-01-04 22:44:13,369 INFO: Config 3 has 3 matching test snippets, neurons: [7, 22, 26, 78]
2026-01-04 22:44:13,643 INFO: Config 4 has 3 matching test snippets, neurons: [19, 47]
2026-01-04 22:44:13,788 INFO: Config 5 has 3 matching test snippets, neurons: [19, 47]
2026-01-04 22:44:13,936 INFO: Config 6 has 3 matching test snippets, neurons: [19, 47]
2026-01-04 22:44:14,092 INFO: Config 7 has 3 matching test snippets, neurons: [7, 16, 26, 27, 31, 37, 59, 78]
2026-01-04 22:44:14,656 INFO: Config 8 has 3 matching test snippets, neurons: [7, 16, 26, 27, 31, 37, 59, 78]
2026-01-04 22:44:15,217 INFO: Config 9 has 3 matching test snippets, neurons: [7, 16, 26, 27, 31, 37, 59, 78]
2026-01-04 22:44:15,761 INFO: Config 10 has 3 matching test snippets, neurons: [26]
2026-01-04 22:44:15,835 INFO: Config 11 has 3 matching test snippets, neurons: [26]
2026-01-04 22:44:15,908 INFO: Config 12 has 3 matching test snippets, neurons: [26]
2026-01-04 22:44:15,988 INFO: Config 13 has 3 matching test snippets, neurons: [22, 23, 45, 63]
2026-01-04 22:44:16,289 INFO: Config 14 has 3 matching test snippets, neurons: [22, 23, 45, 63]
2026-01-04 22:44:16,985 INFO: Config 15 has 3 matching test snippets, neurons: [22, 23, 45, 63]
2026-01-04 22:44:17,261 INFO: Config 16 has 3 matching test snippets, neurons: [50, 63]
2026-01-04 22:44:17,414 INFO: Config 17 has 3 matching test snippets, neurons: [50, 63]
2026-01-04 22:44:17,563 INFO: Config 18 has 3 matching test snippets, neurons: [50, 63]
2026-01-04 22:44:17,722 INFO: Config 19 has 3 matching test snippets, neurons: [4, 19, 33, 44, 46]
2026-01-04 22:44:18,080 INFO: Config 20 has 3 matching test snippets, neurons: [4, 19, 33, 44, 46]
2026-01-04 22:44:18,432 INFO: Config 21 has 3 matching test snippets, neurons: [4, 19, 33, 44, 46]
2026-01-04 22:44:18,799 INFO: Config 22 has 3 matching test snippets, neurons: [7, 21, 32, 37, 81]
2026-01-04 22:44:19,171 INFO: Config 23 has 3 matching test snippets, neurons: [7, 21, 32, 37, 81]
2026-01-04 22:44:19,540 INFO: Config 24 has 3 matching test snippets, neurons: [7, 21, 32, 37, 81]
2026-01-04 22:44:19,877 INFO: Config 25 has 3 matching test snippets, neurons: [31, 44, 78]
2026-01-04 22:44:20,101 INFO: Config 26 has 3 matching test snippets, neurons: [31, 44, 78]
2026-01-04 22:44:20,326 INFO: Config 27 has 3 matching test snippets, neurons: [31, 44, 78]
2026-01-04 22:44:20,553 INFO: Config 28 has 3 matching test snippets, neurons: [26, 27, 31, 100]
2026-01-04 22:44:21,032 INFO: Config 29 has 3 matching test snippets, neurons: [26, 27, 31, 100]
2026-01-04 22:44:21,324 INFO: Config 30 has 3 matching test snippets, neurons: [26, 27, 31, 100]
2026-01-04 22:44:21,601 INFO: Config 31 has 0 matching test snippets, neurons: [1, 2, 3]
2026-01-04 22:44:21,601 INFO: No matching snippets for config 31, skipping.
2026-01-04 22:46:50,166 INFO: Config 1 has 3 matching test snippets (stim at t=10), neurons: [7, 22, 26, 78]
2026-01-04 22:46:50,482 INFO: Config 2 has 3 matching test snippets (stim at t=10), neurons: [7, 22, 26, 78]
2026-01-04 22:46:50,780 INFO: Config 3 has 3 matching test snippets (stim at t=10), neurons: [7, 22, 26, 78]
2026-01-04 22:46:51,067 INFO: Config 4 has 3 matching test snippets (stim at t=10), neurons: [19, 47]
2026-01-04 22:46:51,218 INFO: Config 5 has 3 matching test snippets (stim at t=10), neurons: [19, 47]
2026-01-04 22:46:51,365 INFO: Config 6 has 3 matching test snippets (stim at t=10), neurons: [19, 47]
2026-01-04 22:46:51,523 INFO: Config 7 has 3 matching test snippets (stim at t=10), neurons: [7, 16, 26, 27, 31, 37, 59, 78]
2026-01-04 22:46:52,104 INFO: Config 8 has 3 matching test snippets (stim at t=10), neurons: [7, 16, 26, 27, 31, 37, 59, 78]
2026-01-04 22:46:52,682 INFO: Config 9 has 3 matching test snippets (stim at t=10), neurons: [7, 16, 26, 27, 31, 37, 59, 78]
2026-01-04 22:46:53,235 INFO: Config 10 has 3 matching test snippets (stim at t=10), neurons: [26]
2026-01-04 22:46:53,308 INFO: Config 11 has 3 matching test snippets (stim at t=10), neurons: [26]
2026-01-04 22:46:53,385 INFO: Config 12 has 3 matching test snippets (stim at t=10), neurons: [26]
2026-01-04 22:46:53,467 INFO: Config 13 has 3 matching test snippets (stim at t=10), neurons: [22, 23, 45, 63]
2026-01-04 22:46:53,766 INFO: Config 14 has 3 matching test snippets (stim at t=10), neurons: [22, 23, 45, 63]
2026-01-04 22:46:54,063 INFO: Config 15 has 3 matching test snippets (stim at t=10), neurons: [22, 23, 45, 63]
2026-01-04 22:46:54,365 INFO: Config 16 has 3 matching test snippets (stim at t=10), neurons: [50, 63]
2026-01-04 22:46:54,517 INFO: Config 17 has 3 matching test snippets (stim at t=10), neurons: [50, 63]
2026-01-04 22:46:54,667 INFO: Config 18 has 3 matching test snippets (stim at t=10), neurons: [50, 63]
2026-01-04 22:46:55,244 INFO: Config 19 has 3 matching test snippets (stim at t=10), neurons: [4, 19, 33, 44, 46]
2026-01-04 22:46:55,603 INFO: Config 20 has 3 matching test snippets (stim at t=10), neurons: [4, 19, 33, 44, 46]
2026-01-04 22:46:55,964 INFO: Config 21 has 3 matching test snippets (stim at t=10), neurons: [4, 19, 33, 44, 46]
2026-01-04 22:46:56,506 INFO: Config 22 has 3 matching test snippets (stim at t=10), neurons: [7, 21, 32, 37, 81]
2026-01-04 22:46:56,874 INFO: Config 23 has 3 matching test snippets (stim at t=10), neurons: [7, 21, 32, 37, 81]
2026-01-04 22:46:57,250 INFO: Config 24 has 3 matching test snippets (stim at t=10), neurons: [7, 21, 32, 37, 81]
2026-01-04 22:46:57,594 INFO: Config 25 has 3 matching test snippets (stim at t=10), neurons: [31, 44, 78]
2026-01-04 22:46:57,818 INFO: Config 26 has 3 matching test snippets (stim at t=10), neurons: [31, 44, 78]
2026-01-04 22:46:58,039 INFO: Config 27 has 3 matching test snippets (stim at t=10), neurons: [31, 44, 78]
2026-01-04 22:46:58,250 INFO: Config 28 has 3 matching test snippets (stim at t=10), neurons: [26, 27, 31, 100]
2026-01-04 22:46:58,542 INFO: Config 29 has 3 matching test snippets (stim at t=10), neurons: [26, 27, 31, 100]
2026-01-04 22:46:58,830 INFO: Config 30 has 3 matching test snippets (stim at t=10), neurons: [26, 27, 31, 100]
2026-01-04 22:46:59,105 INFO: Config 31 has 0 matching test snippets (stim at t=10), neurons: [1, 2, 3]
2026-01-04 22:46:59,105 INFO: No matching snippets for config 31 with stim at offset 10, skipping.
2026-01-04 22:47:45,566 INFO: Number of epochs 20
2026-01-04 22:47:45,747 INFO: configs shape: (3, 110, 31)
2026-01-04 22:47:45,748 INFO: roi_used shape: (512, 512)
2026-01-04 22:47:45,748 INFO: times shape: (3, 8, 31)
2026-01-04 22:47:45,748 INFO: dfof shape: (3, 15600, 110)
