2025-12-04 15:52:29,563 INFO: Logging started. Output file: rnn_training/20251204_155228/console_20251204_155228.log
2025-12-04 15:52:29,564 INFO: Seed: 42
2025-12-04 15:52:34,022 INFO: Activity snippets shape: (15551, 50, 110)
2025-12-04 15:52:34,022 INFO: Stim snippets shape: (15551, 50, 10)
2025-12-04 15:52:48,132 INFO: Training set: (12440, 50, 10), (12440, 50, 110)
2025-12-04 15:52:48,133 INFO: Validation set: (1555, 50, 10), (1555, 50, 110)
2025-12-04 15:52:48,133 INFO: Test set: (1556, 50, 10), (1556, 50, 110)
2025-12-04 15:52:48,134 INFO: Batch size: 8
2025-12-04 15:52:48,350 INFO: Input size: 10
2025-12-04 15:52:48,352 INFO: Output size: 110
2025-12-04 15:52:48,353 INFO: Hidden state size: 256
2025-12-04 15:53:51,929 INFO: Training set: (12440, 50, 10), (12440, 50, 110)
2025-12-04 15:53:51,931 INFO: Validation set: (1555, 50, 10), (1555, 50, 110)
2025-12-04 15:53:51,932 INFO: Test set: (1556, 50, 10), (1556, 50, 110)
2025-12-04 15:53:51,932 INFO: Batch size: 8
2025-12-04 15:53:52,000 INFO: Input size: 10
2025-12-04 15:53:52,001 INFO: Output size: 110
2025-12-04 15:53:52,001 INFO: Hidden state size: 256
2025-12-04 15:53:52,012 INFO: Learning rate 0.001
2025-12-04 15:53:52,013 INFO: Optimizer: Adam (
Parameter Group 0
    amsgrad: False
    betas: (0.9, 0.999)
    capturable: False
    decoupled_weight_decay: False
    differentiable: False
    eps: 1e-08
    foreach: None
    fused: None
    lr: 0.001
    maximize: False
    weight_decay: 0
)
2025-12-04 15:53:52,014 INFO: Loss type: mae
2025-12-04 15:54:30,821 ERROR: Task was destroyed but it is pending!
task: <Task pending name='Task-3' coro=<Kernel.poll_control_queue() running at /Users/shubhom/anaconda3/envs/3_11/lib/python3.11/site-packages/ipykernel/kernelbase.py:309> wait_for=<Future pending cb=[Task.task_wakeup()]> cb=[_chain_future.<locals>._call_set_state() at /Users/shubhom/anaconda3/envs/3_11/lib/python3.11/asyncio/futures.py:394]>
