2026-01-03 17:17:03,364 INFO: Logging started. Output file: rnn_training/20260103_171658/console_20260103_171658.log
2026-01-03 17:17:03,365 INFO: Seed: 42
2026-01-03 17:17:26,879 INFO: Iniitial conds fshape: (46713, 110)
2026-01-03 17:17:26,880 INFO: Activity snippets shape: (46713, 30, 110)
2026-01-03 17:17:26,880 INFO: Stim snippets shape: (46713, 30, 10)
2026-01-03 17:17:26,880 INFO: Snippet overlap: True
2026-01-03 17:20:01,477 INFO: Overlapping trials but partitioning timepoints in temporal order
2026-01-03 17:20:01,478 INFO: Initial conds shape: (31081, 110)
2026-01-03 17:20:01,479 INFO: Stim shape: (31081, 30, 10)
2026-01-03 17:20:01,479 INFO: Batch size: 32
2026-01-03 17:20:01,793 INFO: Dataset sizes -> train: 31081, val: 7771, test: 7801
2026-01-03 17:20:01,794 INFO: Train input size: 10
2026-01-03 17:20:01,794 INFO: Train output size: 110
2026-01-03 17:20:01,794 INFO: Hidden state size: 128
2026-01-03 17:20:02,408 INFO: Learning rate 0.0005
2026-01-03 17:20:02,408 INFO: Optimizer: Adam (
Parameter Group 0
    amsgrad: False
    betas: (0.9, 0.999)
    capturable: False
    decoupled_weight_decay: False
    differentiable: False
    eps: 1e-08
    foreach: None
    fused: None
    lr: 0.0005
    maximize: False
    weight_decay: 0
)
2026-01-03 17:20:02,409 INFO: Loss type: mae
2026-01-03 17:20:02,409 INFO: Regularization coefficient: 0
2026-01-03 17:20:36,333 INFO: Epoch 1 Train loss: 0.07536193884549341
2026-01-03 17:20:37,753 INFO: Epoch 1 Validation loss: 0.08038567732854203
2026-01-03 17:20:37,759 INFO:   Saved best model with val loss 0.080386 to rnn_training/20260103_171658/best_model.pth
2026-01-03 17:20:57,553 INFO: Epoch 2 Train loss: 0.06838561326676686
2026-01-03 17:20:59,313 INFO: Epoch 2 Validation loss: 0.07734133300480887
2026-01-03 17:20:59,316 INFO:   Saved best model with val loss 0.077341 to rnn_training/20260103_171658/best_model.pth
2026-01-03 17:21:19,853 INFO: Epoch 3 Train loss: 0.06509742035439206
2026-01-03 17:21:21,553 INFO: Epoch 3 Validation loss: 0.07565712424364503
2026-01-03 17:21:21,557 INFO:   Saved best model with val loss 0.075657 to rnn_training/20260103_171658/best_model.pth
2026-01-03 17:21:41,343 INFO: Epoch 4 Train loss: 0.06302529734337231
2026-01-03 17:21:43,192 INFO: Epoch 4 Validation loss: 0.0739122186339802
2026-01-03 17:21:43,195 INFO:   Saved best model with val loss 0.073912 to rnn_training/20260103_171658/best_model.pth
2026-01-03 17:22:02,686 INFO: Epoch 5 Train loss: 0.06131180704128044
2026-01-03 17:22:04,178 INFO: Epoch 5 Validation loss: 0.07251377129241039
2026-01-03 17:22:04,181 INFO:   Saved best model with val loss 0.072514 to rnn_training/20260103_171658/best_model.pth
2026-01-03 17:22:23,960 INFO: Epoch 6 Train loss: 0.060263500653384934
2026-01-03 17:22:25,632 INFO: Epoch 6 Validation loss: 0.07160815494855297
2026-01-03 17:22:25,636 INFO:   Saved best model with val loss 0.071608 to rnn_training/20260103_171658/best_model.pth
2026-01-03 17:22:45,455 INFO: Epoch 7 Train loss: 0.05927094178944457
2026-01-03 17:22:46,880 INFO: Epoch 7 Validation loss: 0.07068564270610685
2026-01-03 17:22:46,883 INFO:   Saved best model with val loss 0.070686 to rnn_training/20260103_171658/best_model.pth
2026-01-03 17:23:06,990 INFO: Epoch 8 Train loss: 0.05866597199350541
2026-01-03 17:23:08,523 INFO: Epoch 8 Validation loss: 0.06979760321571689
2026-01-03 17:23:08,527 INFO:   Saved best model with val loss 0.069798 to rnn_training/20260103_171658/best_model.pth
2026-01-03 17:23:28,484 INFO: Epoch 9 Train loss: 0.0580913476315859
2026-01-03 17:23:30,053 INFO: Epoch 9 Validation loss: 0.0693643170337836
2026-01-03 17:23:30,059 INFO:   Saved best model with val loss 0.069364 to rnn_training/20260103_171658/best_model.pth
2026-01-03 17:23:49,531 INFO: Epoch 10 Train loss: 0.05775414380369233
2026-01-03 17:23:50,941 INFO: Epoch 10 Validation loss: 0.06897936469722232
2026-01-03 17:23:50,944 INFO:   Saved best model with val loss 0.068979 to rnn_training/20260103_171658/best_model.pth
2026-01-03 17:24:10,448 INFO: Epoch 11 Train loss: 0.05742933166142228
2026-01-03 17:24:11,889 INFO: Epoch 11 Validation loss: 0.06876283877145338
2026-01-03 17:24:11,892 INFO:   Saved best model with val loss 0.068763 to rnn_training/20260103_171658/best_model.pth
2026-01-03 17:24:32,153 INFO: Epoch 12 Train loss: 0.05724683276368539
2026-01-03 17:24:34,222 INFO: Epoch 12 Validation loss: 0.0685957050023584
2026-01-03 17:24:34,226 INFO:   Saved best model with val loss 0.068596 to rnn_training/20260103_171658/best_model.pth
2026-01-03 17:24:53,922 INFO: Epoch 13 Train loss: 0.05707132269884452
2026-01-03 17:24:55,340 INFO: Epoch 13 Validation loss: 0.0683358341787193
2026-01-03 17:24:55,343 INFO:   Saved best model with val loss 0.068336 to rnn_training/20260103_171658/best_model.pth
2026-01-03 17:25:14,869 INFO: Epoch 14 Train loss: 0.05696023080534776
2026-01-03 17:25:16,282 INFO: Epoch 14 Validation loss: 0.06811791907585107
2026-01-03 17:25:16,286 INFO:   Saved best model with val loss 0.068118 to rnn_training/20260103_171658/best_model.pth
2026-01-03 17:25:35,774 INFO: Epoch 15 Train loss: 0.05687754917843688
2026-01-03 17:25:37,185 INFO: Epoch 15 Validation loss: 0.06808201211531364
2026-01-03 17:25:37,188 INFO:   Saved best model with val loss 0.068082 to rnn_training/20260103_171658/best_model.pth
2026-01-03 17:25:56,474 INFO: Epoch 16 Train loss: 0.05679821458600428
2026-01-03 17:25:57,885 INFO: Epoch 16 Validation loss: 0.06786506689951666
2026-01-03 17:25:57,912 INFO:   Saved best model with val loss 0.067865 to rnn_training/20260103_171658/best_model.pth
2026-01-03 17:26:17,031 INFO: Epoch 17 Train loss: 0.05671453605841698
2026-01-03 17:26:18,479 INFO: Epoch 17 Validation loss: 0.06785881979430049
2026-01-03 17:26:18,482 INFO:   Saved best model with val loss 0.067859 to rnn_training/20260103_171658/best_model.pth
2026-01-03 17:26:35,702 INFO: Epoch 18 Train loss: 0.0566425466054402
2026-01-03 17:26:37,140 INFO: Epoch 18 Validation loss: 0.06785556922707836
2026-01-03 17:26:37,143 INFO:   Saved best model with val loss 0.067856 to rnn_training/20260103_171658/best_model.pth
2026-01-03 17:26:53,710 INFO: Epoch 19 Train loss: 0.05656175152985198
2026-01-03 17:26:55,101 INFO: Epoch 19 Validation loss: 0.06786355916125451
2026-01-03 17:27:11,574 INFO: Epoch 20 Train loss: 0.05649534305879126
2026-01-03 17:27:12,973 INFO: Epoch 20 Validation loss: 0.06766634585275688
2026-01-03 17:27:12,977 INFO:   Saved best model with val loss 0.067666 to rnn_training/20260103_171658/best_model.pth
2026-01-03 17:27:29,625 INFO: Epoch 21 Train loss: 0.05641862579388342
2026-01-03 17:27:31,004 INFO: Epoch 21 Validation loss: 0.06752085806342906
2026-01-03 17:27:31,007 INFO:   Saved best model with val loss 0.067521 to rnn_training/20260103_171658/best_model.pth
2026-01-03 17:27:47,393 INFO: Epoch 22 Train loss: 0.05635249338827632
2026-01-03 17:27:48,777 INFO: Epoch 22 Validation loss: 0.06742385434488458
2026-01-03 17:27:48,780 INFO:   Saved best model with val loss 0.067424 to rnn_training/20260103_171658/best_model.pth
2026-01-03 17:28:05,250 INFO: Epoch 23 Train loss: 0.05628224656943254
2026-01-03 17:28:06,653 INFO: Epoch 23 Validation loss: 0.06744225243910171
2026-01-03 17:28:23,292 INFO: Epoch 24 Train loss: 0.05622004822259961
2026-01-03 17:28:24,668 INFO: Epoch 24 Validation loss: 0.0673781671162094
2026-01-03 17:28:24,672 INFO:   Saved best model with val loss 0.067378 to rnn_training/20260103_171658/best_model.pth
2026-01-03 17:28:41,889 INFO: Epoch 25 Train loss: 0.05615921121677113
2026-01-03 17:28:44,015 INFO: Epoch 25 Validation loss: 0.06724967997846663
2026-01-03 17:28:44,020 INFO:   Saved best model with val loss 0.067250 to rnn_training/20260103_171658/best_model.pth
2026-01-03 17:29:02,642 INFO: Epoch 26 Train loss: 0.056092471366629613
2026-01-03 17:29:04,039 INFO: Epoch 26 Validation loss: 0.06730662280433106
2026-01-03 17:29:21,530 INFO: Epoch 27 Train loss: 0.056041307362381824
2026-01-03 17:29:22,939 INFO: Epoch 27 Validation loss: 0.06709047778434174
2026-01-03 17:29:22,942 INFO:   Saved best model with val loss 0.067090 to rnn_training/20260103_171658/best_model.pth
2026-01-03 17:29:40,009 INFO: Epoch 28 Train loss: 0.055979049945108904
2026-01-03 17:29:41,476 INFO: Epoch 28 Validation loss: 0.06713655685161996
2026-01-03 17:29:58,178 INFO: Epoch 29 Train loss: 0.05592007606985244
2026-01-03 17:29:59,559 INFO: Epoch 29 Validation loss: 0.06702449852117714
2026-01-03 17:29:59,563 INFO:   Saved best model with val loss 0.067024 to rnn_training/20260103_171658/best_model.pth
2026-01-03 17:30:17,052 INFO: Epoch 30 Train loss: 0.055866708605714466
2026-01-03 17:30:18,554 INFO: Epoch 30 Validation loss: 0.0669062053740385
2026-01-03 17:30:18,557 INFO:   Saved best model with val loss 0.066906 to rnn_training/20260103_171658/best_model.pth
2026-01-03 17:30:37,197 INFO: Epoch 31 Train loss: 0.055811688486730106
2026-01-03 17:30:38,774 INFO: Epoch 31 Validation loss: 0.06693790086872589
2026-01-03 17:30:56,459 INFO: Epoch 32 Train loss: 0.0557616208218373
2026-01-03 17:30:57,936 INFO: Epoch 32 Validation loss: 0.06684117922718776
2026-01-03 17:30:57,939 INFO:   Saved best model with val loss 0.066841 to rnn_training/20260103_171658/best_model.pth
2026-01-03 17:31:15,762 INFO: Epoch 33 Train loss: 0.05576945110109873
2026-01-03 17:31:17,886 INFO: Epoch 33 Validation loss: 0.06666251609161575
2026-01-03 17:31:17,891 INFO:   Saved best model with val loss 0.066663 to rnn_training/20260103_171658/best_model.pth
2026-01-03 17:31:36,460 INFO: Epoch 34 Train loss: 0.05567328987099509
2026-01-03 17:31:37,869 INFO: Epoch 34 Validation loss: 0.06736304131008732
2026-01-03 17:31:55,539 INFO: Epoch 35 Train loss: 0.05554082523914539
2026-01-03 17:31:56,921 INFO: Epoch 35 Validation loss: 0.06687852226867898
2026-01-03 17:32:13,300 INFO: Epoch 36 Train loss: 0.05548533194572753
2026-01-03 17:32:14,694 INFO: Epoch 36 Validation loss: 0.0666634365216352
2026-01-03 17:32:31,402 INFO: Epoch 37 Train loss: 0.05544125429964952
2026-01-03 17:32:33,333 INFO: Epoch 37 Validation loss: 0.06662154316484138
2026-01-03 17:32:33,337 INFO:   Saved best model with val loss 0.066622 to rnn_training/20260103_171658/best_model.pth
2026-01-03 17:32:51,307 INFO: Epoch 38 Train loss: 0.05543565168309897
2026-01-03 17:32:53,419 INFO: Epoch 38 Validation loss: 0.0664798121536473
2026-01-03 17:32:53,423 INFO:   Saved best model with val loss 0.066480 to rnn_training/20260103_171658/best_model.pth
2026-01-03 17:33:11,843 INFO: Epoch 39 Train loss: 0.05538857880342015
2026-01-03 17:33:13,227 INFO: Epoch 39 Validation loss: 0.06635510728574293
2026-01-03 17:33:13,231 INFO:   Saved best model with val loss 0.066355 to rnn_training/20260103_171658/best_model.pth
2026-01-03 17:33:30,428 INFO: Epoch 40 Train loss: 0.05528674322578047
2026-01-03 17:33:32,301 INFO: Epoch 40 Validation loss: 0.06638732321177834
2026-01-03 17:33:50,291 INFO: Epoch 41 Train loss: 0.05519911120980254
2026-01-03 17:33:51,690 INFO: Epoch 41 Validation loss: 0.06630278372588941
2026-01-03 17:33:51,693 INFO:   Saved best model with val loss 0.066303 to rnn_training/20260103_171658/best_model.pth
2026-01-03 17:34:08,514 INFO: Epoch 42 Train loss: 0.0551658606970599
2026-01-03 17:34:10,588 INFO: Epoch 42 Validation loss: 0.06639066401386319
2026-01-03 17:34:27,943 INFO: Epoch 43 Train loss: 0.05512910706483794
2026-01-03 17:34:29,318 INFO: Epoch 43 Validation loss: 0.06615373669325224
2026-01-03 17:34:29,321 INFO:   Saved best model with val loss 0.066154 to rnn_training/20260103_171658/best_model.pth
2026-01-03 17:34:45,998 INFO: Epoch 44 Train loss: 0.055098639285457794
2026-01-03 17:34:47,389 INFO: Epoch 44 Validation loss: 0.06620664198419914
2026-01-03 17:35:05,859 INFO: Epoch 45 Train loss: 0.055055623212514906
2026-01-03 17:35:07,292 INFO: Epoch 45 Validation loss: 0.06623108437558795
2026-01-03 17:35:26,717 INFO: Epoch 46 Train loss: 0.05503554741154804
2026-01-03 17:35:28,177 INFO: Epoch 46 Validation loss: 0.06615166312409343
2026-01-03 17:35:28,181 INFO:   Saved best model with val loss 0.066152 to rnn_training/20260103_171658/best_model.pth
2026-01-03 17:35:46,377 INFO: Epoch 47 Train loss: 0.05503783040466615
2026-01-03 17:35:47,793 INFO: Epoch 47 Validation loss: 0.06620422059823733
2026-01-03 17:36:05,492 INFO: Epoch 48 Train loss: 0.05497122078231221
2026-01-03 17:36:07,032 INFO: Epoch 48 Validation loss: 0.06638891521322116
2026-01-03 17:36:25,935 INFO: Epoch 49 Train loss: 0.054852058797392016
2026-01-03 17:36:27,389 INFO: Epoch 49 Validation loss: 0.06619139473581848
2026-01-03 17:36:44,699 INFO: Epoch 50 Train loss: 0.05489099043177567
2026-01-03 17:36:46,103 INFO: Epoch 50 Validation loss: 0.06625776190280515
2026-01-03 17:37:02,632 INFO: Epoch 51 Train loss: 0.0548353295168347
2026-01-03 17:37:04,014 INFO: Epoch 51 Validation loss: 0.0659571779759299
2026-01-03 17:37:04,018 INFO:   Saved best model with val loss 0.065957 to rnn_training/20260103_171658/best_model.pth
2026-01-03 17:37:20,591 INFO: Epoch 52 Train loss: 0.0547440168387714
2026-01-03 17:37:21,996 INFO: Epoch 52 Validation loss: 0.0663573495327483
2026-01-03 17:37:40,152 INFO: Epoch 53 Train loss: 0.05472964407934085
2026-01-03 17:37:41,551 INFO: Epoch 53 Validation loss: 0.06604778671857933
2026-01-03 17:37:59,058 INFO: Epoch 54 Train loss: 0.05464840595573613
2026-01-03 17:38:00,501 INFO: Epoch 54 Validation loss: 0.06583103247532404
2026-01-03 17:38:00,505 INFO:   Saved best model with val loss 0.065831 to rnn_training/20260103_171658/best_model.pth
2026-01-03 17:38:19,002 INFO: Epoch 55 Train loss: 0.054590370953236454
2026-01-03 17:38:20,456 INFO: Epoch 55 Validation loss: 0.06590916315462043
2026-01-03 17:38:38,297 INFO: Epoch 56 Train loss: 0.05460921932600463
2026-01-03 17:38:39,785 INFO: Epoch 56 Validation loss: 0.06584093138036727
2026-01-03 17:38:56,969 INFO: Epoch 57 Train loss: 0.05453686962435556
2026-01-03 17:38:58,500 INFO: Epoch 57 Validation loss: 0.06596634183388207
2026-01-03 17:39:15,334 INFO: Epoch 58 Train loss: 0.05447673751654065
2026-01-03 17:39:16,831 INFO: Epoch 58 Validation loss: 0.06593893207595272
2026-01-03 17:39:33,481 INFO: Epoch 59 Train loss: 0.054492359508642424
2026-01-03 17:39:34,895 INFO: Epoch 59 Validation loss: 0.06565271677496565
2026-01-03 17:39:34,899 INFO:   Saved best model with val loss 0.065653 to rnn_training/20260103_171658/best_model.pth
2026-01-03 17:39:52,597 INFO: Epoch 60 Train loss: 0.05441412429239375
2026-01-03 17:39:54,033 INFO: Epoch 60 Validation loss: 0.06592165263209805
2026-01-03 17:40:11,413 INFO: Epoch 61 Train loss: 0.05439628331106754
2026-01-03 17:40:12,841 INFO: Epoch 61 Validation loss: 0.06581457551957527
2026-01-03 17:40:30,068 INFO: Epoch 62 Train loss: 0.05435434361281939
2026-01-03 17:40:31,456 INFO: Epoch 62 Validation loss: 0.06580008393417928
2026-01-03 17:40:48,091 INFO: Epoch 63 Train loss: 0.05430868425146155
2026-01-03 17:40:49,470 INFO: Epoch 63 Validation loss: 0.06593706665996603
2026-01-03 17:41:07,094 INFO: Epoch 64 Train loss: 0.054258579881414436
2026-01-03 17:41:08,649 INFO: Epoch 64 Validation loss: 0.0656469779583098
2026-01-03 17:41:08,653 INFO:   Saved best model with val loss 0.065647 to rnn_training/20260103_171658/best_model.pth
2026-01-03 17:41:26,243 INFO: Epoch 65 Train loss: 0.05421882288350143
2026-01-03 17:41:27,730 INFO: Epoch 65 Validation loss: 0.06561303533984725
2026-01-03 17:41:27,733 INFO:   Saved best model with val loss 0.065613 to rnn_training/20260103_171658/best_model.pth
2026-01-03 17:41:45,015 INFO: Epoch 66 Train loss: 0.054190199575400874
2026-01-03 17:41:46,572 INFO: Epoch 66 Validation loss: 0.06619520849157463
2026-01-03 17:42:04,278 INFO: Epoch 67 Train loss: 0.054095398550891786
2026-01-03 17:42:05,721 INFO: Epoch 67 Validation loss: 0.06620550410959378
2026-01-03 17:42:22,916 INFO: Epoch 68 Train loss: 0.054126424088727504
2026-01-03 17:42:24,429 INFO: Epoch 68 Validation loss: 0.06550489206995042
2026-01-03 17:42:24,434 INFO:   Saved best model with val loss 0.065505 to rnn_training/20260103_171658/best_model.pth
2026-01-03 17:42:41,314 INFO: Epoch 69 Train loss: 0.054086555122474816
2026-01-03 17:42:42,837 INFO: Epoch 69 Validation loss: 0.06588608970506789
2026-01-03 17:43:00,313 INFO: Epoch 70 Train loss: 0.05401671710980414
2026-01-03 17:43:01,803 INFO: Epoch 70 Validation loss: 0.06573686566002013
2026-01-03 17:43:20,304 INFO: Epoch 71 Train loss: 0.05402863080691852
2026-01-03 17:43:21,769 INFO: Epoch 71 Validation loss: 0.06559308579764668
2026-01-03 17:43:39,060 INFO: Epoch 72 Train loss: 0.053985983844430464
2026-01-03 17:43:40,500 INFO: Epoch 72 Validation loss: 0.06560622569086806
2026-01-03 17:43:58,602 INFO: Epoch 73 Train loss: 0.05395710463078436
2026-01-03 17:44:00,068 INFO: Epoch 73 Validation loss: 0.06589439614654247
2026-01-03 17:44:17,108 INFO: Epoch 74 Train loss: 0.05391079802885314
2026-01-03 17:44:18,546 INFO: Epoch 74 Validation loss: 0.06570624560117722
2026-01-03 17:44:35,707 INFO: Epoch 75 Train loss: 0.05389487089447267
2026-01-03 17:44:37,507 INFO: Epoch 75 Validation loss: 0.0656633899354088
2026-01-03 17:44:57,608 INFO: Epoch 76 Train loss: 0.05385606682104768
2026-01-03 17:44:59,359 INFO: Epoch 76 Validation loss: 0.06577353015122091
2026-01-03 17:45:17,995 INFO: Epoch 77 Train loss: 0.05382058261688284
2026-01-03 17:45:19,616 INFO: Epoch 77 Validation loss: 0.06580350232402754
2026-01-03 17:45:37,469 INFO: Epoch 78 Train loss: 0.05380152945742426
2026-01-03 17:45:39,043 INFO: Epoch 78 Validation loss: 0.06560481800284874
2026-01-03 17:45:56,663 INFO: Epoch 79 Train loss: 0.053765263373424084
2026-01-03 17:45:58,562 INFO: Epoch 79 Validation loss: 0.0657423062214304
2026-01-03 17:46:16,878 INFO: Epoch 80 Train loss: 0.05373795248170371
2026-01-03 17:46:18,467 INFO: Epoch 80 Validation loss: 0.06590679200470885
2026-01-03 17:46:36,565 INFO: Epoch 81 Train loss: 0.05370069822972317
2026-01-03 17:46:38,145 INFO: Epoch 81 Validation loss: 0.0654676476050767
2026-01-03 17:46:38,149 INFO:   Saved best model with val loss 0.065468 to rnn_training/20260103_171658/best_model.pth
2026-01-03 17:46:56,240 INFO: Epoch 82 Train loss: 0.05369217927204163
2026-01-03 17:46:57,853 INFO: Epoch 82 Validation loss: 0.06585601866513724
2026-01-03 17:47:15,462 INFO: Epoch 83 Train loss: 0.053651868484393885
2026-01-03 17:47:17,008 INFO: Epoch 83 Validation loss: 0.06565048286348309
2026-01-03 17:47:34,271 INFO: Epoch 84 Train loss: 0.05375708624963165
2026-01-03 17:47:35,899 INFO: Epoch 84 Validation loss: 0.0658130891311431
2026-01-03 17:47:53,263 INFO: Epoch 85 Train loss: 0.05368115648659403
2026-01-03 17:47:54,842 INFO: Epoch 85 Validation loss: 0.06562648380225329
2026-01-03 17:48:12,087 INFO: Epoch 86 Train loss: 0.05353239505496891
2026-01-03 17:48:13,671 INFO: Epoch 86 Validation loss: 0.06541715902705984
2026-01-03 17:48:13,675 INFO:   Saved best model with val loss 0.065417 to rnn_training/20260103_171658/best_model.pth
2026-01-03 17:48:31,092 INFO: Epoch 87 Train loss: 0.05349807779999767
2026-01-03 17:48:32,854 INFO: Epoch 87 Validation loss: 0.06559424380828263
2026-01-03 17:48:51,002 INFO: Epoch 88 Train loss: 0.05347370098831513
2026-01-03 17:48:52,598 INFO: Epoch 88 Validation loss: 0.06607181455241547
2026-01-03 17:49:10,561 INFO: Epoch 89 Train loss: 0.053458230130261526
2026-01-03 17:49:12,408 INFO: Epoch 89 Validation loss: 0.06560202701976747
2026-01-03 17:49:32,584 INFO: Epoch 90 Train loss: 0.05342729390362684
2026-01-03 17:49:34,628 INFO: Epoch 90 Validation loss: 0.06593547093562985
2026-01-03 17:49:56,709 INFO: Epoch 91 Train loss: 0.053402082804186665
2026-01-03 17:49:58,557 INFO: Epoch 91 Validation loss: 0.0660786848472607
2026-01-03 17:50:19,647 INFO: Epoch 92 Train loss: 0.05338469858221296
2026-01-03 17:50:21,506 INFO: Epoch 92 Validation loss: 0.0656814417526032
2026-01-03 17:50:40,382 INFO: Epoch 93 Train loss: 0.05336491307078601
2026-01-03 17:50:42,039 INFO: Epoch 93 Validation loss: 0.06549218022989009
2026-01-03 17:50:59,439 INFO: Epoch 94 Train loss: 0.05335587471275769
2026-01-03 17:51:01,046 INFO: Epoch 94 Validation loss: 0.06587300164472365
2026-01-03 17:51:18,336 INFO: Epoch 95 Train loss: 0.05342982318480653
2026-01-03 17:51:20,037 INFO: Epoch 95 Validation loss: 0.0657450971220577
2026-01-03 17:51:38,812 INFO: Epoch 96 Train loss: 0.05336413294434574
2026-01-03 17:51:40,432 INFO: Epoch 96 Validation loss: 0.0656230105162664
2026-01-03 17:51:57,801 INFO: Epoch 97 Train loss: 0.053216883595479714
2026-01-03 17:51:59,430 INFO: Epoch 97 Validation loss: 0.06599563966346914
2026-01-03 17:52:16,633 INFO: Epoch 98 Train loss: 0.053202952653249216
2026-01-03 17:52:18,243 INFO: Epoch 98 Validation loss: 0.06570137624167795
2026-01-03 17:52:36,044 INFO: Epoch 99 Train loss: 0.05318760384450812
2026-01-03 17:52:37,866 INFO: Epoch 99 Validation loss: 0.06602991376181948
2026-01-03 17:52:56,125 INFO: Epoch 100 Train loss: 0.05315741017151111
2026-01-03 17:52:57,586 INFO: Epoch 100 Validation loss: 0.06565057462230642
2026-01-03 17:52:59,641 INFO: Test Loss: 0.062847
2026-01-03 19:09:30,867 INFO: Number of epochs 20
2026-01-03 19:09:31,064 INFO: configs shape: (3, 110, 31)
2026-01-03 19:09:31,065 INFO: roi_used shape: (512, 512)
2026-01-03 19:09:31,065 INFO: times shape: (3, 8, 31)
2026-01-03 19:09:31,066 INFO: dfof shape: (3, 15600, 110)
