2026-01-03 19:09:33,056 INFO: Logging started. Output file: rnn_training/20260103_190930/console_20260103_190930.log
2026-01-03 19:09:33,057 INFO: Seed: 42
2026-01-03 19:09:36,888 INFO: Iniitial conds fshape: (46713, 110)
2026-01-03 19:09:36,890 INFO: Activity snippets shape: (46713, 30, 110)
2026-01-03 19:09:36,891 INFO: Stim snippets shape: (46713, 30, 10)
2026-01-03 19:09:36,891 INFO: Snippet overlap: True
2026-01-03 19:11:48,916 INFO: Overlapping trials but partitioning timepoints in temporal order
2026-01-03 19:11:48,916 INFO: Initial conds shape: (31081, 110)
2026-01-03 19:11:48,917 INFO: Stim shape: (31081, 30, 10)
2026-01-03 19:11:48,918 INFO: Batch size: 32
2026-01-03 19:11:49,269 INFO: Dataset sizes -> train: 31081, val: 7771, test: 7801
2026-01-03 19:11:49,269 INFO: Train input size: 10
2026-01-03 19:11:49,270 INFO: Train output size: 110
2026-01-03 19:11:49,270 INFO: Hidden state size: 128
2026-01-03 19:11:49,279 INFO: Model architecture:\nRNNModel(
  (initial_state_projection): Linear(in_features=110, out_features=128, bias=True)
  (rnn): GRU(10, 128, num_layers=2, batch_first=True, dropout=0.2)
  (dense): Linear(in_features=128, out_features=110, bias=True)
)
2026-01-03 19:11:49,280 INFO: Learning rate 0.0005
2026-01-03 19:11:49,281 INFO: Optimizer: Adam (
Parameter Group 0
    amsgrad: False
    betas: (0.9, 0.999)
    capturable: False
    decoupled_weight_decay: False
    differentiable: False
    eps: 1e-08
    foreach: None
    fused: None
    lr: 0.0005
    maximize: False
    weight_decay: 0
)
2026-01-03 19:11:49,281 INFO: Loss type: mae
2026-01-03 19:11:49,281 INFO: Regularization coefficient: 0
