2025-12-18 18:38:44,270 INFO: Logging started. Output file: rnn_training/20251218_183841/console_20251218_183841.log
2025-12-18 18:38:44,270 INFO: Seed: 42
2025-12-18 18:38:48,305 INFO: Iniitial conds shape: (15401, 110)
2025-12-18 18:38:48,307 INFO: Activity snippets shape: (15401, 200, 110)
2025-12-18 18:38:48,307 INFO: Stim snippets shape: (15401, 200, 10)
2025-12-18 18:38:55,618 INFO: Batch size: 8
2025-12-18 18:38:55,888 INFO: Dataset sizes -> train: 10780, val: 2309, test: 2310
2025-12-18 18:38:55,889 INFO: Input size: 10
2025-12-18 18:38:55,889 INFO: Output size: 110
2025-12-18 18:38:55,890 INFO: Hidden state size: 256
2025-12-18 18:38:56,689 INFO: Learning rate 0.001
2025-12-18 18:38:56,689 INFO: Optimizer: Adam (
Parameter Group 0
    amsgrad: False
    betas: (0.9, 0.999)
    capturable: False
    decoupled_weight_decay: False
    differentiable: False
    eps: 1e-08
    foreach: None
    fused: None
    lr: 0.001
    maximize: False
    weight_decay: 0
)
2025-12-18 18:38:56,689 INFO: Loss type: mae
2025-12-18 18:40:53,130 INFO:   Saved best model with val loss 0.106855 to rnn_training/20251218_183841/best_model.pth
2025-12-18 18:42:22,747 INFO:   Saved best model with val loss 0.105588 to rnn_training/20251218_183841/best_model.pth
2025-12-18 18:54:52,622 INFO: Early stopping due to no improvement in validation loss for 5 consecutive epochs.
2025-12-18 21:09:42,505 INFO: Test Loss: 0.089018
2025-12-18 21:19:50,215 ERROR: Task was destroyed but it is pending!
task: <Task pending name='Task-2' coro=<Kernel.poll_control_queue() running at /Users/shubhom/anaconda3/envs/3_11/lib/python3.11/site-packages/ipykernel/kernelbase.py:309> wait_for=<Future pending cb=[Task.task_wakeup()]> cb=[_chain_future.<locals>._call_set_state() at /Users/shubhom/anaconda3/envs/3_11/lib/python3.11/asyncio/futures.py:394]>
