2025-12-19 22:44:54,546 INFO: Logging started. Output file: rnn_training/20251219_224450/console_20251219_224450.log
2025-12-19 22:44:54,546 INFO: Seed: 42
2025-12-19 22:44:59,323 INFO: Iniitial conds shape: (46653, 110)
2025-12-19 22:44:59,326 INFO: Activity snippets shape: (46653, 50, 110)
2025-12-19 22:44:59,327 INFO: Stim snippets shape: (46653, 50, 10)
2025-12-19 22:44:59,328 INFO: Snippet overlap: True
2025-12-19 22:45:00,284 INFO: Overlapping trials but partitioning timepoints in temporal order
2025-12-19 22:45:00,285 INFO: Initial conds shape: (31021, 110)
2025-12-19 22:45:00,285 INFO: Stim shape: (31021, 50, 10)
2025-12-19 22:45:00,286 INFO: Batch size: 32
2025-12-19 22:45:00,641 INFO: Dataset sizes -> train: 31021, val: 7741, test: 7791
2025-12-19 22:45:00,705 INFO: Train input size: 10
2025-12-19 22:45:00,706 INFO: Train output size: 110
2025-12-19 22:45:00,706 INFO: Hidden state size: 512
2025-12-19 22:45:00,718 INFO: Learning rate 0.0005
2025-12-19 22:45:00,719 INFO: Optimizer: Adam (
Parameter Group 0
    amsgrad: False
    betas: (0.9, 0.999)
    capturable: False
    decoupled_weight_decay: False
    differentiable: False
    eps: 1e-08
    foreach: None
    fused: None
    lr: 0.0005
    maximize: False
    weight_decay: 0
)
2025-12-19 22:45:00,719 INFO: Loss type: mae
2025-12-19 22:45:00,719 INFO: Regularization coefficient: 0
2025-12-19 22:45:32,488 INFO: Epoch 1 Train loss: 0.07730008260768793
2025-12-19 22:45:35,287 INFO: Epoch 1 Validation loss: 0.08353212616202936
2025-12-19 22:45:35,297 INFO:   Saved best model with val loss 0.083532 to rnn_training/20251219_224450/best_model.pth
2025-12-19 22:46:05,673 INFO: Epoch 2 Train loss: 0.07192588634475557
2025-12-19 22:46:08,393 INFO: Epoch 2 Validation loss: 0.08141946725709974
2025-12-19 22:46:08,400 INFO:   Saved best model with val loss 0.081419 to rnn_training/20251219_224450/best_model.pth
2025-12-19 22:46:38,931 INFO: Epoch 3 Train loss: 0.0688118857058461
2025-12-19 22:46:41,795 INFO: Epoch 3 Validation loss: 0.07998961743658911
2025-12-19 22:46:41,805 INFO:   Saved best model with val loss 0.079990 to rnn_training/20251219_224450/best_model.pth
2025-12-19 22:47:12,467 INFO: Epoch 4 Train loss: 0.06744756235515222
2025-12-19 22:47:15,200 INFO: Epoch 4 Validation loss: 0.07996838179870164
2025-12-19 22:47:15,210 INFO:   Saved best model with val loss 0.079968 to rnn_training/20251219_224450/best_model.pth
2025-12-19 22:47:45,507 INFO: Epoch 5 Train loss: 0.0659653924366906
2025-12-19 22:47:48,260 INFO: Epoch 5 Validation loss: 0.0788894260263446
2025-12-19 22:47:48,269 INFO:   Saved best model with val loss 0.078889 to rnn_training/20251219_224450/best_model.pth
2025-12-19 22:48:18,499 INFO: Epoch 6 Train loss: 0.06523545942836717
2025-12-19 22:48:21,231 INFO: Epoch 6 Validation loss: 0.079035627077353
2025-12-19 22:48:51,580 INFO: Epoch 7 Train loss: 0.0644184676375796
2025-12-19 22:48:54,373 INFO: Epoch 7 Validation loss: 0.07813102770931206
2025-12-19 22:48:54,382 INFO:   Saved best model with val loss 0.078131 to rnn_training/20251219_224450/best_model.pth
2025-12-19 22:49:24,929 INFO: Epoch 8 Train loss: 0.06394078426072908
2025-12-19 22:49:27,668 INFO: Epoch 8 Validation loss: 0.07788435232672422
2025-12-19 22:49:27,676 INFO:   Saved best model with val loss 0.077884 to rnn_training/20251219_224450/best_model.pth
2025-12-19 22:49:58,175 INFO: Epoch 9 Train loss: 0.06340980086115222
2025-12-19 22:50:00,971 INFO: Epoch 9 Validation loss: 0.07808450475756688
2025-12-19 22:50:31,096 INFO: Epoch 10 Train loss: 0.06312226225264102
2025-12-19 22:50:33,756 INFO: Epoch 10 Validation loss: 0.07831626048292582
2025-12-19 22:51:04,024 INFO: Epoch 11 Train loss: 0.06285146434324929
2025-12-19 22:51:06,768 INFO: Epoch 11 Validation loss: 0.07791110566382783
2025-12-19 22:51:36,894 INFO: Epoch 12 Train loss: 0.062670792284896
2025-12-19 22:51:39,634 INFO: Epoch 12 Validation loss: 0.07793650656414962
2025-12-19 22:52:10,120 INFO: Epoch 13 Train loss: 0.06255332032490397
2025-12-19 22:52:12,881 INFO: Epoch 13 Validation loss: 0.07817013865966481
2025-12-19 22:52:43,178 INFO: Epoch 14 Train loss: 0.062458894455612736
2025-12-19 22:52:45,850 INFO: Epoch 14 Validation loss: 0.07790573460274065
2025-12-19 22:53:16,368 INFO: Epoch 15 Train loss: 0.062311736936303444
2025-12-19 22:53:19,192 INFO: Epoch 15 Validation loss: 0.07839175472424606
2025-12-19 22:53:50,566 INFO: Epoch 16 Train loss: 0.06222943570441432
2025-12-19 22:53:53,455 INFO: Epoch 16 Validation loss: 0.07770848537470047
2025-12-19 22:53:53,464 INFO:   Saved best model with val loss 0.077708 to rnn_training/20251219_224450/best_model.pth
2025-12-19 22:54:24,287 INFO: Epoch 17 Train loss: 0.0620961388990541
2025-12-19 22:54:27,048 INFO: Epoch 17 Validation loss: 0.07759173911850731
2025-12-19 22:54:27,056 INFO:   Saved best model with val loss 0.077592 to rnn_training/20251219_224450/best_model.pth
2025-12-19 22:54:57,618 INFO: Epoch 18 Train loss: 0.06201187770188399
2025-12-19 22:55:00,360 INFO: Epoch 18 Validation loss: 0.07775973077700314
2025-12-19 22:55:31,088 INFO: Epoch 19 Train loss: 0.061913035221796336
2025-12-19 22:55:33,985 INFO: Epoch 19 Validation loss: 0.07845305546034431
2025-12-19 22:56:04,652 INFO: Epoch 20 Train loss: 0.06179185810159551
2025-12-19 22:56:07,407 INFO: Epoch 20 Validation loss: 0.07805064531636784
2025-12-19 22:56:37,834 INFO: Epoch 21 Train loss: 0.06168092514062611
2025-12-19 22:56:40,584 INFO: Epoch 21 Validation loss: 0.07833583681943912
2025-12-19 22:57:10,878 INFO: Epoch 22 Train loss: 0.061551359971563524
2025-12-19 22:57:13,644 INFO: Epoch 22 Validation loss: 0.07794787003259883
2025-12-19 22:57:44,259 INFO: Epoch 23 Train loss: 0.06147634541542409
2025-12-19 22:57:47,075 INFO: Epoch 23 Validation loss: 0.07791682227650996
2025-12-19 22:58:22,408 INFO: Epoch 24 Train loss: 0.061363551733016025
2025-12-19 22:58:25,862 INFO: Epoch 24 Validation loss: 0.07775323895744507
2025-12-19 22:59:00,182 INFO: Epoch 25 Train loss: 0.061267291169361054
2025-12-19 22:59:03,129 INFO: Epoch 25 Validation loss: 0.07839722450913546
2025-12-19 22:59:35,210 INFO: Epoch 26 Train loss: 0.06114365049418661
2025-12-19 22:59:38,127 INFO: Epoch 26 Validation loss: 0.07851241043030238
2025-12-19 23:00:09,911 INFO: Epoch 27 Train loss: 0.0610683863759012
2025-12-19 23:00:12,802 INFO: Epoch 27 Validation loss: 0.07824676682911029
2025-12-19 23:00:44,897 INFO: Epoch 28 Train loss: 0.060963734408329494
2025-12-19 23:00:47,843 INFO: Epoch 28 Validation loss: 0.07802742510117729
2025-12-19 23:01:20,240 INFO: Epoch 29 Train loss: 0.06085496295647842
2025-12-19 23:01:23,110 INFO: Epoch 29 Validation loss: 0.07822361476252575
2025-12-19 23:01:55,217 INFO: Epoch 30 Train loss: 0.06076023017627401
2025-12-19 23:01:58,118 INFO: Epoch 30 Validation loss: 0.07894174551054452
2025-12-19 23:02:30,425 INFO: Epoch 31 Train loss: 0.06065461240212379
2025-12-19 23:02:33,371 INFO: Epoch 31 Validation loss: 0.07904363746883918
2025-12-19 23:03:05,956 INFO: Epoch 32 Train loss: 0.060560079674848
2025-12-19 23:03:08,958 INFO: Epoch 32 Validation loss: 0.07870358529074403
2025-12-19 23:03:41,951 INFO: Epoch 33 Train loss: 0.06043953658702303
2025-12-19 23:03:44,963 INFO: Epoch 33 Validation loss: 0.07870237100010401
2025-12-19 23:04:17,970 INFO: Epoch 34 Train loss: 0.06038808134880392
2025-12-19 23:04:21,003 INFO: Epoch 34 Validation loss: 0.07906952146823332
2025-12-19 23:04:53,984 INFO: Epoch 35 Train loss: 0.06027894513265722
2025-12-19 23:04:56,952 INFO: Epoch 35 Validation loss: 0.07978838868126391
2025-12-19 23:05:30,017 INFO: Epoch 36 Train loss: 0.060217543433588996
2025-12-19 23:05:33,074 INFO: Epoch 36 Validation loss: 0.07806713823861908
2025-12-19 23:06:06,133 INFO: Epoch 37 Train loss: 0.06011069538583032
2025-12-19 23:06:09,195 INFO: Epoch 37 Validation loss: 0.07881249893952857
2025-12-19 23:06:42,377 INFO: Epoch 38 Train loss: 0.06004190293657784
2025-12-19 23:06:45,395 INFO: Epoch 38 Validation loss: 0.07831991091033713
2025-12-19 23:07:18,761 INFO: Epoch 39 Train loss: 0.059951077151996386
2025-12-19 23:07:21,808 INFO: Epoch 39 Validation loss: 0.07883246137800642
2025-12-19 23:07:55,035 INFO: Epoch 40 Train loss: 0.05985048098270419
2025-12-19 23:07:58,137 INFO: Epoch 40 Validation loss: 0.07926871073564007
2025-12-19 23:08:31,449 INFO: Epoch 41 Train loss: 0.05975839343301575
2025-12-19 23:08:34,537 INFO: Epoch 41 Validation loss: 0.07897259140796954
2025-12-19 23:09:08,661 INFO: Epoch 42 Train loss: 0.059671997942206
2025-12-19 23:09:11,824 INFO: Epoch 42 Validation loss: 0.07929933509836208
2025-12-19 23:09:45,294 INFO: Epoch 43 Train loss: 0.0596030254921766
2025-12-19 23:09:48,445 INFO: Epoch 43 Validation loss: 0.07920022439242888
2025-12-19 23:10:21,955 INFO: Epoch 44 Train loss: 0.059504887848998336
2025-12-19 23:10:25,015 INFO: Epoch 44 Validation loss: 0.07985148951459371
2025-12-19 23:10:58,629 INFO: Epoch 45 Train loss: 0.059417425172459834
2025-12-19 23:11:01,734 INFO: Epoch 45 Validation loss: 0.07976299125935554
2025-12-19 23:11:35,281 INFO: Epoch 46 Train loss: 0.05932709398852634
2025-12-19 23:11:38,410 INFO: Epoch 46 Validation loss: 0.08043626755160303
2025-12-19 23:12:12,189 INFO: Epoch 47 Train loss: 0.05925218744911315
2025-12-19 23:12:15,338 INFO: Epoch 47 Validation loss: 0.07942063006346362
2025-12-19 23:12:49,946 INFO: Epoch 48 Train loss: 0.0592424725045903
2025-12-19 23:12:53,122 INFO: Epoch 48 Validation loss: 0.07941094552622857
2025-12-19 23:13:27,579 INFO: Epoch 49 Train loss: 0.05927536041656537
2025-12-19 23:13:30,723 INFO: Epoch 49 Validation loss: 0.07874028052147654
2025-12-19 23:14:04,544 INFO: Epoch 50 Train loss: 0.05911143392070819
2025-12-19 23:14:07,684 INFO: Epoch 50 Validation loss: 0.0804297843943916
2025-12-19 23:14:10,667 INFO: Test Loss: 0.074801
2025-12-20 16:22:58,266 INFO: Iniitial conds shape: (46653, 110)
2025-12-20 16:22:58,267 INFO: Activity snippets shape: (46653, 50, 110)
2025-12-20 16:22:58,268 INFO: Stim snippets shape: (46653, 50, 10)
2025-12-20 16:22:58,268 INFO: Snippet overlap: True
2025-12-20 16:23:06,881 INFO: Overlapping trials but partitioning timepoints in temporal order
2025-12-20 16:23:06,882 INFO: Initial conds shape: (31021, 110)
2025-12-20 16:23:06,882 INFO: Stim shape: (31021, 50, 10)
2025-12-20 16:23:06,883 INFO: Batch size: 32
2025-12-20 16:23:07,151 INFO: Dataset sizes -> train: 31021, val: 7741, test: 7791
2025-12-20 16:23:07,152 INFO: Train input size: 10
2025-12-20 16:23:07,152 INFO: Train output size: 110
2025-12-20 16:23:07,153 INFO: Hidden state size: 1024
2025-12-20 16:23:07,212 INFO: Learning rate 0.0005
2025-12-20 16:23:07,213 INFO: Optimizer: Adam (
Parameter Group 0
    amsgrad: False
    betas: (0.9, 0.999)
    capturable: False
    decoupled_weight_decay: False
    differentiable: False
    eps: 1e-08
    foreach: None
    fused: None
    lr: 0.0005
    maximize: False
    weight_decay: 0
)
2025-12-20 16:23:07,213 INFO: Loss type: mae
2025-12-20 16:23:07,213 INFO: Regularization coefficient: 0
2025-12-20 16:24:11,952 INFO: Epoch 1 Train loss: 0.07635907522435999
2025-12-20 16:24:16,280 INFO: Epoch 1 Validation loss: 0.08330687669154795
2025-12-20 16:24:16,326 INFO:   Saved best model with val loss 0.083307 to rnn_training/20251219_224450/best_model.pth
2025-12-20 16:25:19,563 INFO: Epoch 2 Train loss: 0.07072060609427962
2025-12-20 16:25:23,724 INFO: Epoch 2 Validation loss: 0.08009145699057402
2025-12-20 16:25:23,766 INFO:   Saved best model with val loss 0.080091 to rnn_training/20251219_224450/best_model.pth
2025-12-20 16:26:27,117 INFO: Epoch 3 Train loss: 0.06748322117686414
2025-12-20 16:26:31,332 INFO: Epoch 3 Validation loss: 0.0785660014594037
2025-12-20 16:26:31,375 INFO:   Saved best model with val loss 0.078566 to rnn_training/20251219_224450/best_model.pth
2025-12-20 16:27:33,909 INFO: Epoch 4 Train loss: 0.06598285229432968
2025-12-20 16:27:38,051 INFO: Epoch 4 Validation loss: 0.07803218022514384
2025-12-20 16:27:38,095 INFO:   Saved best model with val loss 0.078032 to rnn_training/20251219_224450/best_model.pth
2025-12-20 16:28:40,458 INFO: Epoch 5 Train loss: 0.0643652898590397
2025-12-20 16:28:44,598 INFO: Epoch 5 Validation loss: 0.07731079288619139
2025-12-20 16:28:44,648 INFO:   Saved best model with val loss 0.077311 to rnn_training/20251219_224450/best_model.pth
2025-12-20 16:29:47,437 INFO: Epoch 6 Train loss: 0.06357490141057003
2025-12-20 16:29:51,638 INFO: Epoch 6 Validation loss: 0.07664135395094585
2025-12-20 16:29:51,691 INFO:   Saved best model with val loss 0.076641 to rnn_training/20251219_224450/best_model.pth
2025-12-20 16:30:54,748 INFO: Epoch 7 Train loss: 0.06264413596626246
2025-12-20 16:30:58,947 INFO: Epoch 7 Validation loss: 0.0762644195422663
2025-12-20 16:30:58,992 INFO:   Saved best model with val loss 0.076264 to rnn_training/20251219_224450/best_model.pth
2025-12-20 16:32:01,757 INFO: Epoch 8 Train loss: 0.06219478561364145
2025-12-20 16:32:05,986 INFO: Epoch 8 Validation loss: 0.07620238042774011
2025-12-20 16:32:06,022 INFO:   Saved best model with val loss 0.076202 to rnn_training/20251219_224450/best_model.pth
2025-12-20 16:33:08,433 INFO: Epoch 9 Train loss: 0.061702784000487045
2025-12-20 16:33:12,570 INFO: Epoch 9 Validation loss: 0.07639195659917203
2025-12-20 16:34:14,985 INFO: Epoch 10 Train loss: 0.06140830436914968
2025-12-20 16:34:19,148 INFO: Epoch 10 Validation loss: 0.07607547711966466
2025-12-20 16:34:19,196 INFO:   Saved best model with val loss 0.076075 to rnn_training/20251219_224450/best_model.pth
2025-12-20 16:35:21,893 INFO: Epoch 11 Train loss: 0.06113828123907975
2025-12-20 16:35:26,141 INFO: Epoch 11 Validation loss: 0.07607703939409408
2025-12-20 16:36:29,082 INFO: Epoch 12 Train loss: 0.06094359935777303
2025-12-20 16:36:33,287 INFO: Epoch 12 Validation loss: 0.07588398681794499
2025-12-20 16:36:33,345 INFO:   Saved best model with val loss 0.075884 to rnn_training/20251219_224450/best_model.pth
2025-12-20 16:37:43,169 INFO: Epoch 13 Train loss: 0.06084298205840753
2025-12-20 16:37:48,093 INFO: Epoch 13 Validation loss: 0.07594324743088603
2025-12-20 16:38:56,007 INFO: Epoch 14 Train loss: 0.06077213542024501
2025-12-20 16:39:00,682 INFO: Epoch 14 Validation loss: 0.0765185356236385
2025-12-20 16:40:08,748 INFO: Epoch 15 Train loss: 0.060656797905445314
2025-12-20 16:40:13,435 INFO: Epoch 15 Validation loss: 0.07597965929701014
2025-12-20 16:41:22,579 INFO: Epoch 16 Train loss: 0.06059413475410274
2025-12-20 16:41:27,408 INFO: Epoch 16 Validation loss: 0.07632289707522077
2025-12-20 16:42:36,752 INFO: Epoch 17 Train loss: 0.060482661492981114
2025-12-20 16:42:41,622 INFO: Epoch 17 Validation loss: 0.0761783055488553
2025-12-20 16:43:51,787 INFO: Epoch 18 Train loss: 0.060363086928995335
2025-12-20 16:43:56,734 INFO: Epoch 18 Validation loss: 0.07615444627192852
2025-12-20 16:45:07,090 INFO: Epoch 19 Train loss: 0.06030789242208279
2025-12-20 16:45:12,209 INFO: Epoch 19 Validation loss: 0.07672220951495068
2025-12-20 16:46:23,434 INFO: Epoch 20 Train loss: 0.06018299769705878
2025-12-20 16:46:28,408 INFO: Epoch 20 Validation loss: 0.07662466305749945
2025-12-20 16:47:40,100 INFO: Epoch 21 Train loss: 0.06013290271951253
2025-12-20 16:47:45,115 INFO: Epoch 21 Validation loss: 0.07642642361351477
2025-12-20 16:48:57,106 INFO: Epoch 22 Train loss: 0.06001975464071889
2025-12-20 16:49:02,146 INFO: Epoch 22 Validation loss: 0.07683121713479657
2025-12-20 16:50:14,431 INFO: Epoch 23 Train loss: 0.05993521223871183
2025-12-20 16:50:19,497 INFO: Epoch 23 Validation loss: 0.07700555114020921
2025-12-20 16:51:31,781 INFO: Epoch 24 Train loss: 0.05982821639812756
2025-12-20 16:51:36,805 INFO: Epoch 24 Validation loss: 0.07682432154401177
2025-12-20 16:52:49,472 INFO: Epoch 25 Train loss: 0.059712384925638046
2025-12-20 16:52:54,535 INFO: Epoch 25 Validation loss: 0.07694498442537855
2025-12-20 16:54:08,337 INFO: Epoch 26 Train loss: 0.059666892818239295
2025-12-20 16:54:13,454 INFO: Epoch 26 Validation loss: 0.07693275173279285
2025-12-20 16:55:27,231 INFO: Epoch 27 Train loss: 0.05957604880362114
2025-12-20 16:55:32,402 INFO: Epoch 27 Validation loss: 0.07767549536264677
2025-12-20 16:56:45,831 INFO: Epoch 28 Train loss: 0.05949046947106448
2025-12-20 16:56:51,055 INFO: Epoch 28 Validation loss: 0.07690104614558754
2025-12-20 16:58:07,252 INFO: Epoch 29 Train loss: 0.05935835580690287
2025-12-20 16:58:12,440 INFO: Epoch 29 Validation loss: 0.07744823546641989
2025-12-20 16:59:25,890 INFO: Epoch 30 Train loss: 0.059328752955250856
2025-12-20 16:59:31,031 INFO: Epoch 30 Validation loss: 0.07737455263150599
2025-12-20 17:00:44,998 INFO: Epoch 31 Train loss: 0.059211747708768615
2025-12-20 17:00:50,198 INFO: Epoch 31 Validation loss: 0.07727441625560598
2025-12-20 17:02:04,831 INFO: Epoch 32 Train loss: 0.05914453734927138
2025-12-20 17:02:10,054 INFO: Epoch 32 Validation loss: 0.07802764865901947
2025-12-20 17:03:25,029 INFO: Epoch 33 Train loss: 0.05905894234133779
2025-12-20 17:03:30,291 INFO: Epoch 33 Validation loss: 0.07736926990517996
2025-12-20 17:04:44,631 INFO: Epoch 34 Train loss: 0.05894383050736481
2025-12-20 17:04:49,848 INFO: Epoch 34 Validation loss: 0.0777639720149549
2025-12-20 17:06:03,954 INFO: Epoch 35 Train loss: 0.05888771015334946
2025-12-20 17:06:09,147 INFO: Epoch 35 Validation loss: 0.07737675835370648
2025-12-20 17:07:23,559 INFO: Epoch 36 Train loss: 0.05879396237395729
2025-12-20 17:07:28,849 INFO: Epoch 36 Validation loss: 0.0777308876728337
2025-12-20 17:08:43,557 INFO: Epoch 37 Train loss: 0.0587090486081469
2025-12-20 17:08:48,865 INFO: Epoch 37 Validation loss: 0.07815241992392753
2025-12-20 17:10:04,063 INFO: Epoch 38 Train loss: 0.0585922353003992
2025-12-20 17:10:09,390 INFO: Epoch 38 Validation loss: 0.07760648235164706
2025-12-20 17:11:23,638 INFO: Epoch 39 Train loss: 0.058544482166716545
2025-12-20 17:11:28,860 INFO: Epoch 39 Validation loss: 0.07865439878771617
2025-12-20 17:12:43,248 INFO: Epoch 40 Train loss: 0.058418987693131724
2025-12-20 17:12:48,538 INFO: Epoch 40 Validation loss: 0.07858787454686844
2025-12-20 17:14:04,564 INFO: Epoch 41 Train loss: 0.05837946017840042
2025-12-20 17:14:09,801 INFO: Epoch 41 Validation loss: 0.0796111082161771
2025-12-20 17:15:24,609 INFO: Epoch 42 Train loss: 0.058446983640615346
2025-12-20 17:15:29,972 INFO: Epoch 42 Validation loss: 0.07993491481377964
2025-12-20 17:16:44,934 INFO: Epoch 43 Train loss: 0.058468971460416866
2025-12-20 17:16:50,359 INFO: Epoch 43 Validation loss: 0.07877747386120315
2025-12-20 17:18:04,971 INFO: Epoch 44 Train loss: 0.05818325148900847
2025-12-20 17:18:10,234 INFO: Epoch 44 Validation loss: 0.07929347974568617
2025-12-20 17:19:24,954 INFO: Epoch 45 Train loss: 0.05788542924659064
2025-12-20 17:19:30,578 INFO: Epoch 45 Validation loss: 0.07853398430106437
2025-12-20 17:20:45,358 INFO: Epoch 46 Train loss: 0.058064854317786505
2025-12-20 17:20:50,813 INFO: Epoch 46 Validation loss: 0.07879917656512181
2025-12-20 17:22:04,474 INFO: Epoch 47 Train loss: 0.05794425491168065
2025-12-20 17:22:09,725 INFO: Epoch 47 Validation loss: 0.07886228544577165
2025-12-20 17:23:24,584 INFO: Epoch 48 Train loss: 0.05754962401526247
2025-12-20 17:23:29,825 INFO: Epoch 48 Validation loss: 0.07919720201113631
2025-12-20 17:24:44,251 INFO: Epoch 49 Train loss: 0.05740714094124727
2025-12-20 17:24:49,543 INFO: Epoch 49 Validation loss: 0.08009885047090684
2025-12-20 17:26:04,145 INFO: Epoch 50 Train loss: 0.05733605750246883
2025-12-20 17:26:09,408 INFO: Epoch 50 Validation loss: 0.07947466886273774
2025-12-20 17:26:15,248 INFO: Test Loss: 0.073510
2025-12-20 18:34:10,512 INFO: Number of epochs 100
2025-12-20 18:34:10,716 INFO: configs shape: (3, 110, 31)
2025-12-20 18:34:10,717 INFO: roi_used shape: (512, 512)
2025-12-20 18:34:10,717 INFO: times shape: (3, 8, 31)
2025-12-20 18:34:10,717 INFO: dfof shape: (3, 15600, 110)
