2025-12-19 20:24:36,991 INFO: Logging started. Output file: rnn_training/20251219_202434/console_20251219_202434.log
2025-12-19 20:24:36,992 INFO: Seed: 42
2025-12-19 20:24:44,014 INFO: Iniitial conds shape: (46503, 110)
2025-12-19 20:24:44,015 INFO: Activity snippets shape: (46503, 100, 110)
2025-12-19 20:24:44,016 INFO: Stim snippets shape: (46503, 100, 10)
2025-12-19 20:24:44,016 INFO: Snippet overlap: True
2025-12-19 20:24:56,564 INFO: Overlapping trials but partitioning timepoints in temporal order
2025-12-19 20:24:56,565 INFO: Initial conds shape: (30871, 110)
2025-12-19 20:24:56,565 INFO: Stim shape: (30871, 100, 10)
2025-12-19 20:24:56,565 INFO: Batch size: 32
2025-12-19 20:24:57,474 INFO: Dataset sizes -> train: 30871, val: 7666, test: 7766
2025-12-19 20:24:57,479 INFO: Train input size: 10
2025-12-19 20:24:57,480 INFO: Train output size: 110
2025-12-19 20:24:57,480 INFO: Hidden state size: 512
2025-12-19 20:24:57,505 INFO: Learning rate 0.0005
2025-12-19 20:24:57,506 INFO: Optimizer: Adam (
Parameter Group 0
    amsgrad: False
    betas: (0.9, 0.999)
    capturable: False
    decoupled_weight_decay: False
    differentiable: False
    eps: 1e-08
    foreach: None
    fused: None
    lr: 0.0005
    maximize: False
    weight_decay: 1e-05
)
2025-12-19 20:24:57,506 INFO: Loss type: mae
2025-12-19 20:24:57,507 INFO: Regularization coefficient: 1e-05
2025-12-19 20:25:57,525 INFO: Epoch 1 Train loss: 0.0904772227771146
2025-12-19 20:26:02,531 INFO: Epoch 1 Validation loss: 0.09711833894563784
2025-12-19 20:26:02,541 INFO:   Saved best model with val loss 0.097118 to rnn_training/20251219_202434/best_model.pth
2025-12-19 20:27:14,543 INFO: Epoch 2 Train loss: 0.09024345787443397
2025-12-19 20:27:23,835 INFO: Epoch 2 Validation loss: 0.09701863541604333
2025-12-19 20:27:23,847 INFO:   Saved best model with val loss 0.097019 to rnn_training/20251219_202434/best_model.pth
2025-12-19 20:28:34,195 INFO: Epoch 3 Train loss: 0.09037297729580532
2025-12-19 20:28:40,017 INFO: Epoch 3 Validation loss: 0.0971416993129356
2025-12-19 20:30:24,112 INFO: Epoch 4 Train loss: 0.09039497738761706
2025-12-19 20:30:30,971 INFO: Epoch 4 Validation loss: 0.09698581676313033
2025-12-19 20:30:30,978 INFO:   Saved best model with val loss 0.096986 to rnn_training/20251219_202434/best_model.pth
2025-12-19 20:31:50,251 INFO: Epoch 5 Train loss: 0.09082124576540684
2025-12-19 20:31:56,391 INFO: Epoch 5 Validation loss: 0.09707537682388272
2025-12-19 20:33:07,380 INFO: Epoch 6 Train loss: 0.09093490288862005
2025-12-19 20:33:13,139 INFO: Epoch 6 Validation loss: 0.0971188254726328
2025-12-19 20:34:19,654 INFO: Epoch 7 Train loss: 0.09188117689261889
2025-12-19 20:34:25,875 INFO: Epoch 7 Validation loss: 0.09771949142419792
2025-12-19 20:35:34,343 INFO: Epoch 8 Train loss: 0.09229663610970026
2025-12-19 20:35:40,189 INFO: Epoch 8 Validation loss: 0.09771780269266636
2025-12-19 20:36:42,810 INFO: Epoch 9 Train loss: 0.09325520897420571
2025-12-19 20:36:48,491 INFO: Epoch 9 Validation loss: 0.0985435792754003
2025-12-19 20:37:49,974 INFO: Epoch 10 Train loss: 0.0937325801045221
2025-12-19 20:37:55,439 INFO: Epoch 10 Validation loss: 0.09855009396938316
2025-12-19 20:38:56,739 INFO: Epoch 11 Train loss: 0.09431411068946734
2025-12-19 20:39:02,253 INFO: Epoch 11 Validation loss: 0.09916563821723745
2025-12-19 20:40:03,245 INFO: Epoch 12 Train loss: 0.09467639152015758
2025-12-19 20:40:08,822 INFO: Epoch 12 Validation loss: 0.09916055795731508
2025-12-19 20:41:09,854 INFO: Epoch 13 Train loss: 0.09497784658267784
2025-12-19 20:41:15,495 INFO: Epoch 13 Validation loss: 0.0995041542289744
2025-12-19 20:42:15,788 INFO: Epoch 14 Train loss: 0.09521041349711352
2025-12-19 20:42:21,385 INFO: Epoch 14 Validation loss: 0.09951444758219412
2025-12-19 20:43:20,981 INFO: Epoch 15 Train loss: 0.09525004332814371
2025-12-19 20:43:26,253 INFO: Epoch 15 Validation loss: 0.09950325418795303
2025-12-19 20:44:25,616 INFO: Epoch 16 Train loss: 0.09521041086379148
2025-12-19 20:44:30,958 INFO: Epoch 16 Validation loss: 0.09950578578172202
2025-12-19 20:45:30,308 INFO: Epoch 17 Train loss: 0.09521441411232177
2025-12-19 20:45:35,687 INFO: Epoch 17 Validation loss: 0.09951416325692002
2025-12-19 20:46:34,889 INFO: Epoch 18 Train loss: 0.09521038185573752
2025-12-19 20:46:40,343 INFO: Epoch 18 Validation loss: 0.09951926337080277
2025-12-19 20:47:39,611 INFO: Epoch 19 Train loss: 0.09525886958311183
2025-12-19 20:47:45,091 INFO: Epoch 19 Validation loss: 0.09969848616181358
2025-12-19 20:48:44,038 INFO: Epoch 20 Train loss: 0.09526915838963351
2025-12-19 20:48:49,307 INFO: Epoch 20 Validation loss: 0.09950794771939571
2025-12-19 20:49:52,087 INFO: Epoch 21 Train loss: 0.09521033030527874
2025-12-19 20:49:57,528 INFO: Epoch 21 Validation loss: 0.09950740691182074
2025-12-19 20:50:56,977 INFO: Epoch 22 Train loss: 0.09524720935134992
2025-12-19 20:51:02,354 INFO: Epoch 22 Validation loss: 0.0995124598691459
2025-12-19 20:52:01,861 INFO: Epoch 23 Train loss: 0.09520899894727276
2025-12-19 20:52:07,342 INFO: Epoch 23 Validation loss: 0.09950955112204986
2025-12-19 20:53:06,963 INFO: Epoch 24 Train loss: 0.09528659350388345
2025-12-19 20:53:12,539 INFO: Epoch 24 Validation loss: 0.09950194347668279
2025-12-19 20:54:11,684 INFO: Epoch 25 Train loss: 0.09521067099527052
2025-12-19 20:54:17,024 INFO: Epoch 25 Validation loss: 0.09953039927719592
2025-12-19 20:55:16,109 INFO: Epoch 26 Train loss: 0.0952214602741682
2025-12-19 20:55:21,472 INFO: Epoch 26 Validation loss: 0.0994980665370375
2025-12-19 20:56:20,752 INFO: Epoch 27 Train loss: 0.09520916154447093
2025-12-19 20:56:26,249 INFO: Epoch 27 Validation loss: 0.0995096385618927
2025-12-19 20:57:25,646 INFO: Epoch 28 Train loss: 0.09522261437250563
2025-12-19 20:57:31,264 INFO: Epoch 28 Validation loss: 0.09971004626729486
2025-12-19 20:58:31,036 INFO: Epoch 29 Train loss: 0.09539103009303153
2025-12-19 20:58:36,645 INFO: Epoch 29 Validation loss: 0.09950435084616145
2025-12-19 20:59:35,827 INFO: Epoch 30 Train loss: 0.0952106333040839
2025-12-19 20:59:41,040 INFO: Epoch 30 Validation loss: 0.09951260187530717
2025-12-19 21:00:40,065 INFO: Epoch 31 Train loss: 0.09522518040135984
2025-12-19 21:00:45,377 INFO: Epoch 31 Validation loss: 0.09950373120782831
2025-12-19 21:01:44,574 INFO: Epoch 32 Train loss: 0.09521082292788849
2025-12-19 21:01:50,005 INFO: Epoch 32 Validation loss: 0.09952496003457718
2025-12-19 21:02:48,618 INFO: Epoch 33 Train loss: 0.09521534814617306
2025-12-19 21:02:54,087 INFO: Epoch 33 Validation loss: 0.09951808832113468
2025-12-19 21:03:52,792 INFO: Epoch 34 Train loss: 0.0952110271096608
2025-12-19 21:03:58,398 INFO: Epoch 34 Validation loss: 0.09952329249433957
2025-12-19 21:04:56,703 INFO: Epoch 35 Train loss: 0.09521475969125175
2025-12-19 21:05:01,964 INFO: Epoch 35 Validation loss: 0.09952997572539278
2025-12-19 21:06:00,400 INFO: Epoch 36 Train loss: 0.09521030921842934
2025-12-19 21:06:05,724 INFO: Epoch 36 Validation loss: 0.09949540472041525
2025-12-19 21:07:04,484 INFO: Epoch 37 Train loss: 0.09521003202164294
2025-12-19 21:07:09,870 INFO: Epoch 37 Validation loss: 0.09950744581112127
2025-12-19 21:08:08,352 INFO: Epoch 38 Train loss: 0.09536653593559545
2025-12-19 21:08:13,937 INFO: Epoch 38 Validation loss: 0.09952668076686749
2025-12-19 21:09:12,700 INFO: Epoch 39 Train loss: 0.09520852669061305
2025-12-19 21:09:18,196 INFO: Epoch 39 Validation loss: 0.09952107245068995
2025-12-19 21:10:16,637 INFO: Epoch 40 Train loss: 0.09524225558482123
2025-12-19 21:10:21,974 INFO: Epoch 40 Validation loss: 0.09950210223450165
2025-12-19 21:11:20,572 INFO: Epoch 41 Train loss: 0.09521008906633474
2025-12-19 21:11:25,974 INFO: Epoch 41 Validation loss: 0.09949759281773247
2025-12-19 21:12:24,820 INFO: Epoch 42 Train loss: 0.09525230536674496
2025-12-19 21:12:30,502 INFO: Epoch 42 Validation loss: 0.09969310173431949
2025-12-19 21:13:30,403 INFO: Epoch 43 Train loss: 0.0952131902047641
2025-12-19 21:13:36,035 INFO: Epoch 43 Validation loss: 0.09952641901687204
2025-12-19 21:14:35,143 INFO: Epoch 44 Train loss: 0.09520922831201233
2025-12-19 21:14:40,720 INFO: Epoch 44 Validation loss: 0.09951486777122544
2025-12-19 21:15:39,428 INFO: Epoch 45 Train loss: 0.09524546210005735
2025-12-19 21:15:44,828 INFO: Epoch 45 Validation loss: 0.09951543843943675
2025-12-19 21:16:43,390 INFO: Epoch 46 Train loss: 0.09520857719918281
2025-12-19 21:16:48,680 INFO: Epoch 46 Validation loss: 0.09950072862579155
2025-12-19 21:17:47,235 INFO: Epoch 47 Train loss: 0.09522228621679857
2025-12-19 21:17:52,700 INFO: Epoch 47 Validation loss: 0.09951362674708407
2025-12-19 21:18:51,302 INFO: Epoch 48 Train loss: 0.09520901174534824
2025-12-19 21:18:56,734 INFO: Epoch 48 Validation loss: 0.09950740719561536
2025-12-19 21:19:55,598 INFO: Epoch 49 Train loss: 0.09523424354984408
2025-12-19 21:20:01,217 INFO: Epoch 49 Validation loss: 0.09950910994971106
2025-12-19 21:20:59,966 INFO: Epoch 50 Train loss: 0.09521097768183673
2025-12-19 21:21:05,236 INFO: Epoch 50 Validation loss: 0.09951002918768886
2025-12-19 21:21:10,114 INFO: Test Loss: 0.098097
2025-12-19 22:33:27,002 INFO: Test Loss: 0.098097
2025-12-19 22:44:45,064 INFO: Number of epochs 50
2025-12-19 22:44:45,269 INFO: configs shape: (3, 110, 31)
2025-12-19 22:44:45,270 INFO: roi_used shape: (512, 512)
2025-12-19 22:44:45,270 INFO: times shape: (3, 8, 31)
2025-12-19 22:44:45,270 INFO: dfof shape: (3, 15600, 110)
2025-12-19 22:44:50,889 INFO: Number of epochs 50
2025-12-19 22:44:51,110 INFO: configs shape: (3, 110, 31)
2025-12-19 22:44:51,110 INFO: roi_used shape: (512, 512)
2025-12-19 22:44:51,111 INFO: times shape: (3, 8, 31)
2025-12-19 22:44:51,111 INFO: dfof shape: (3, 15600, 110)
