2025-12-18 23:24:43,908 INFO: Logging started. Output file: rnn_training/20251218_232442/console_20251218_232442.log
2025-12-18 23:24:43,909 INFO: Seed: 42
2025-12-18 23:24:46,948 INFO: Iniitial conds shape: (15401, 110)
2025-12-18 23:24:46,948 INFO: Activity snippets shape: (15401, 200, 110)
2025-12-18 23:24:46,948 INFO: Stim snippets shape: (15401, 200, 10)
2025-12-18 23:24:46,949 INFO: Snippet overlap: True
2025-12-18 23:24:47,230 INFO: Overlapping trials but partitioning timepoints in temporal order
2025-12-18 23:24:47,230 INFO: Initial conds shape: (10057, 110)
2025-12-18 23:24:47,230 INFO: Stim shape: (10057, 200, 10)
2025-12-18 23:24:47,231 INFO: Batch size: 8
2025-12-18 23:24:47,439 INFO: Dataset sizes -> train: 10057, val: 2372, test: 2572
2025-12-18 23:24:47,439 INFO: Input size: 10
2025-12-18 23:24:47,440 INFO: Output size: 110
2025-12-18 23:24:47,440 INFO: Hidden state size: 256
2025-12-18 23:24:48,042 INFO: Learning rate 0.001
2025-12-18 23:24:48,043 INFO: Optimizer: Adam (
Parameter Group 0
    amsgrad: False
    betas: (0.9, 0.999)
    capturable: False
    decoupled_weight_decay: False
    differentiable: False
    eps: 1e-08
    foreach: None
    fused: None
    lr: 0.001
    maximize: False
    weight_decay: 0.001
)
2025-12-18 23:24:48,043 INFO: Loss type: mae
2025-12-18 23:24:48,043 INFO: Regularization coefficient: 0.001
2025-12-18 23:26:06,505 INFO:   Saved best model with val loss 0.113610 to rnn_training/20251218_232442/best_model.pth
2025-12-18 23:27:27,874 INFO:   Saved best model with val loss 0.113128 to rnn_training/20251218_232442/best_model.pth
2025-12-18 23:30:18,920 INFO:   Saved best model with val loss 0.112670 to rnn_training/20251218_232442/best_model.pth
2025-12-18 23:36:23,433 INFO:   Saved best model with val loss 0.112316 to rnn_training/20251218_232442/best_model.pth
2025-12-18 23:45:40,803 INFO:   Saved best model with val loss 0.112261 to rnn_training/20251218_232442/best_model.pth
2025-12-19 00:05:15,107 INFO:   Saved best model with val loss 0.112163 to rnn_training/20251218_232442/best_model.pth
2025-12-19 00:15:14,393 INFO:   Saved best model with val loss 0.111181 to rnn_training/20251218_232442/best_model.pth
2025-12-19 00:35:00,745 INFO: Test Loss: 0.083526
2025-12-19 09:37:07,334 INFO: Number of epochs 50
